n_500_p_20
Trainset:	x-(7000, 20, 20, 3)	y-(7000, 20, 20, 1)
Valset:  	x-(999, 20, 20, 3)  	y-(999, 20, 20, 1)
Testset:	x-(2001, 20, 20, 3)	y-(2001, 20, 20, 1)

--------- GridGCN ---------
{
    "num_grids_height": 20,
    "num_grids_width": 20,
    "train_size": 0.7,
    "val_size": 0.1,
    "lr": 0.001,
    "weight_decay": 0,
    "milestones": [
        10,
        30,
        50
    ],
    "clip_grad": 0,
    "batch_size": 32,
    "max_epochs": 200,
    "pass_device": true,
    "model_args": {
        "num_grids_height": 20,
        "num_grids_width": 20,
        "input_dim": 3,
        "output_dim": 1,
        "hidden_dim": 32,
        "cheb_k": 3,
        "num_layers": 3,
        "device": "cuda:0"
    }
}
==========================================================================================
Layer (type:depth-idx)                   Output Shape              Param #
==========================================================================================
GridGCN                                  [32, 20, 20, 1]           --
├─Linear: 1-1                            [32, 400, 32]             128
├─ModuleList: 1-2                        --                        --
│    └─GCN: 2-1                          [32, 400, 32]             6,176
│    └─GCN: 2-2                          [32, 400, 32]             6,176
│    └─GCN: 2-3                          [32, 400, 32]             6,176
├─Sequential: 1-3                        [32, 400, 1]              --
│    └─Linear: 2-4                       [32, 400, 16]             528
│    └─ReLU: 2-5                         [32, 400, 16]             --
│    └─Linear: 2-6                       [32, 400, 1]              17
==========================================================================================
Total params: 19,201
Trainable params: 19,201
Non-trainable params: 0
Total mult-adds (M): 0.02
==========================================================================================
Input size (MB): 0.15
Forward/backward pass size (MB): 14.85
Params size (MB): 0.08
Estimated Total Size (MB): 15.08
==========================================================================================

Loss: MaskedMAELoss

2023-05-09 10:22:05.123657 Epoch 1  	Train Loss = 0.08498 Val Loss = 0.08552
2023-05-09 10:22:06.845313 Epoch 2  	Train Loss = 0.07694 Val Loss = 0.07114
2023-05-09 10:22:08.631201 Epoch 3  	Train Loss = 0.06865 Val Loss = 0.06996
2023-05-09 10:22:10.412843 Epoch 4  	Train Loss = 0.06695 Val Loss = 0.06795
2023-05-09 10:22:12.139299 Epoch 5  	Train Loss = 0.06548 Val Loss = 0.06679
2023-05-09 10:22:13.941430 Epoch 6  	Train Loss = 0.06471 Val Loss = 0.06648
2023-05-09 10:22:15.658558 Epoch 7  	Train Loss = 0.06428 Val Loss = 0.06523
2023-05-09 10:22:17.508434 Epoch 8  	Train Loss = 0.06417 Val Loss = 0.06594
2023-05-09 10:22:19.278211 Epoch 9  	Train Loss = 0.06456 Val Loss = 0.06981
2023-05-09 10:22:21.032553 Epoch 10  	Train Loss = 0.06414 Val Loss = 0.06648
2023-05-09 10:22:22.733243 Epoch 11  	Train Loss = 0.06201 Val Loss = 0.06299
2023-05-09 10:22:24.417616 Epoch 12  	Train Loss = 0.06169 Val Loss = 0.06311
2023-05-09 10:22:26.179073 Epoch 13  	Train Loss = 0.06151 Val Loss = 0.06285
2023-05-09 10:22:27.845534 Epoch 14  	Train Loss = 0.06165 Val Loss = 0.06274
2023-05-09 10:22:29.555726 Epoch 15  	Train Loss = 0.06144 Val Loss = 0.06292
2023-05-09 10:22:31.205409 Epoch 16  	Train Loss = 0.06144 Val Loss = 0.06265
2023-05-09 10:22:32.883622 Epoch 17  	Train Loss = 0.06140 Val Loss = 0.06287
2023-05-09 10:22:34.586170 Epoch 18  	Train Loss = 0.06137 Val Loss = 0.06263
2023-05-09 10:22:36.332670 Epoch 19  	Train Loss = 0.06129 Val Loss = 0.06240
2023-05-09 10:22:38.059718 Epoch 20  	Train Loss = 0.06125 Val Loss = 0.06258
2023-05-09 10:22:39.798755 Epoch 21  	Train Loss = 0.06117 Val Loss = 0.06251
2023-05-09 10:22:41.497124 Epoch 22  	Train Loss = 0.06109 Val Loss = 0.06286
2023-05-09 10:22:43.184948 Epoch 23  	Train Loss = 0.06109 Val Loss = 0.06272
2023-05-09 10:22:44.857861 Epoch 24  	Train Loss = 0.06101 Val Loss = 0.06231
2023-05-09 10:22:46.558739 Epoch 25  	Train Loss = 0.06082 Val Loss = 0.06264
2023-05-09 10:22:48.253312 Epoch 26  	Train Loss = 0.06102 Val Loss = 0.06228
2023-05-09 10:22:49.865507 Epoch 27  	Train Loss = 0.06088 Val Loss = 0.06303
2023-05-09 10:22:51.529820 Epoch 28  	Train Loss = 0.06090 Val Loss = 0.06250
2023-05-09 10:22:53.213497 Epoch 29  	Train Loss = 0.06082 Val Loss = 0.06251
2023-05-09 10:22:54.904948 Epoch 30  	Train Loss = 0.06068 Val Loss = 0.06267
2023-05-09 10:22:56.631587 Epoch 31  	Train Loss = 0.06037 Val Loss = 0.06201
2023-05-09 10:22:58.348389 Epoch 32  	Train Loss = 0.06032 Val Loss = 0.06203
2023-05-09 10:23:00.035403 Epoch 33  	Train Loss = 0.06030 Val Loss = 0.06200
2023-05-09 10:23:01.821874 Epoch 34  	Train Loss = 0.06034 Val Loss = 0.06198
2023-05-09 10:23:03.574025 Epoch 35  	Train Loss = 0.06029 Val Loss = 0.06203
2023-05-09 10:23:05.267719 Epoch 36  	Train Loss = 0.06028 Val Loss = 0.06200
2023-05-09 10:23:06.970500 Epoch 37  	Train Loss = 0.06026 Val Loss = 0.06198
2023-05-09 10:23:08.594493 Epoch 38  	Train Loss = 0.06030 Val Loss = 0.06195
2023-05-09 10:23:10.269365 Epoch 39  	Train Loss = 0.06033 Val Loss = 0.06200
2023-05-09 10:23:11.950529 Epoch 40  	Train Loss = 0.06039 Val Loss = 0.06194
2023-05-09 10:23:13.627656 Epoch 41  	Train Loss = 0.06022 Val Loss = 0.06194
2023-05-09 10:23:15.324220 Epoch 42  	Train Loss = 0.06027 Val Loss = 0.06192
2023-05-09 10:23:17.013383 Epoch 43  	Train Loss = 0.06031 Val Loss = 0.06196
2023-05-09 10:23:18.741447 Epoch 44  	Train Loss = 0.06025 Val Loss = 0.06194
2023-05-09 10:23:20.471366 Epoch 45  	Train Loss = 0.06028 Val Loss = 0.06205
2023-05-09 10:23:22.109591 Epoch 46  	Train Loss = 0.06021 Val Loss = 0.06195
2023-05-09 10:23:23.759470 Epoch 47  	Train Loss = 0.06026 Val Loss = 0.06191
2023-05-09 10:23:25.455485 Epoch 48  	Train Loss = 0.06024 Val Loss = 0.06191
2023-05-09 10:23:27.157375 Epoch 49  	Train Loss = 0.06023 Val Loss = 0.06195
2023-05-09 10:23:28.791508 Epoch 50  	Train Loss = 0.06028 Val Loss = 0.06195
2023-05-09 10:23:30.471224 Epoch 51  	Train Loss = 0.06015 Val Loss = 0.06190
2023-05-09 10:23:32.183641 Epoch 52  	Train Loss = 0.06017 Val Loss = 0.06189
2023-05-09 10:23:33.838321 Epoch 53  	Train Loss = 0.06025 Val Loss = 0.06190
2023-05-09 10:23:35.540505 Epoch 54  	Train Loss = 0.06028 Val Loss = 0.06190
2023-05-09 10:23:37.189963 Epoch 55  	Train Loss = 0.06016 Val Loss = 0.06189
2023-05-09 10:23:38.839670 Epoch 56  	Train Loss = 0.06014 Val Loss = 0.06190
2023-05-09 10:23:40.631430 Epoch 57  	Train Loss = 0.06025 Val Loss = 0.06190
2023-05-09 10:23:42.327257 Epoch 58  	Train Loss = 0.06018 Val Loss = 0.06189
2023-05-09 10:23:44.035966 Epoch 59  	Train Loss = 0.06020 Val Loss = 0.06189
2023-05-09 10:23:45.708247 Epoch 60  	Train Loss = 0.06019 Val Loss = 0.06190
2023-05-09 10:23:47.441570 Epoch 61  	Train Loss = 0.06021 Val Loss = 0.06189
2023-05-09 10:23:49.220923 Epoch 62  	Train Loss = 0.06026 Val Loss = 0.06189
2023-05-09 10:23:50.914186 Epoch 63  	Train Loss = 0.06024 Val Loss = 0.06190
2023-05-09 10:23:52.598747 Epoch 64  	Train Loss = 0.06022 Val Loss = 0.06190
2023-05-09 10:23:54.306859 Epoch 65  	Train Loss = 0.06009 Val Loss = 0.06189
2023-05-09 10:23:56.002497 Epoch 66  	Train Loss = 0.06015 Val Loss = 0.06190
2023-05-09 10:23:57.679220 Epoch 67  	Train Loss = 0.06016 Val Loss = 0.06190
2023-05-09 10:23:59.349490 Epoch 68  	Train Loss = 0.06012 Val Loss = 0.06190
2023-05-09 10:24:01.052184 Epoch 69  	Train Loss = 0.06016 Val Loss = 0.06189
2023-05-09 10:24:02.761838 Epoch 70  	Train Loss = 0.06020 Val Loss = 0.06189
2023-05-09 10:24:04.445628 Epoch 71  	Train Loss = 0.06013 Val Loss = 0.06189
2023-05-09 10:24:06.154869 Epoch 72  	Train Loss = 0.06018 Val Loss = 0.06190
2023-05-09 10:24:07.978371 Epoch 73  	Train Loss = 0.06015 Val Loss = 0.06189
2023-05-09 10:24:09.791358 Epoch 74  	Train Loss = 0.06018 Val Loss = 0.06191
2023-05-09 10:24:11.513372 Epoch 75  	Train Loss = 0.06017 Val Loss = 0.06188
2023-05-09 10:24:13.264494 Epoch 76  	Train Loss = 0.06018 Val Loss = 0.06191
2023-05-09 10:24:14.978346 Epoch 77  	Train Loss = 0.06020 Val Loss = 0.06189
2023-05-09 10:24:16.676892 Epoch 78  	Train Loss = 0.06019 Val Loss = 0.06189
2023-05-09 10:24:18.445839 Epoch 79  	Train Loss = 0.06016 Val Loss = 0.06189
2023-05-09 10:24:20.198210 Epoch 80  	Train Loss = 0.06018 Val Loss = 0.06191
2023-05-09 10:24:21.948532 Epoch 81  	Train Loss = 0.06020 Val Loss = 0.06188
2023-05-09 10:24:23.647202 Epoch 82  	Train Loss = 0.06022 Val Loss = 0.06188
2023-05-09 10:24:25.350962 Epoch 83  	Train Loss = 0.06014 Val Loss = 0.06188
2023-05-09 10:24:27.093498 Epoch 84  	Train Loss = 0.06016 Val Loss = 0.06189
2023-05-09 10:24:28.819093 Epoch 85  	Train Loss = 0.06015 Val Loss = 0.06188
2023-05-09 10:24:30.545584 Epoch 86  	Train Loss = 0.06019 Val Loss = 0.06189
2023-05-09 10:24:32.227447 Epoch 87  	Train Loss = 0.06021 Val Loss = 0.06189
2023-05-09 10:24:33.908972 Epoch 88  	Train Loss = 0.06019 Val Loss = 0.06189
2023-05-09 10:24:35.631851 Epoch 89  	Train Loss = 0.06015 Val Loss = 0.06190
2023-05-09 10:24:37.301244 Epoch 90  	Train Loss = 0.06019 Val Loss = 0.06189
2023-05-09 10:24:39.048926 Epoch 91  	Train Loss = 0.06020 Val Loss = 0.06188
2023-05-09 10:24:40.844141 Epoch 92  	Train Loss = 0.06019 Val Loss = 0.06188
2023-05-09 10:24:42.593503 Epoch 93  	Train Loss = 0.06015 Val Loss = 0.06191
2023-05-09 10:24:44.321190 Epoch 94  	Train Loss = 0.06017 Val Loss = 0.06190
2023-05-09 10:24:45.992175 Epoch 95  	Train Loss = 0.06020 Val Loss = 0.06189
Early stopping at epoch: 95
Best at epoch 85:
Train Loss = 0.06015
Train MAE = 0.05987, RMSE = 0.08439
Val Loss = 0.06188
Val MAE = 0.06082, RMSE = 0.08653
--------- Test ---------
Test MAE = 0.06079, RMSE = 0.08559
Inference time: 0.13 s
