n_500_p_20
Trainset:	x-(7000, 20, 20, 3)	y-(7000, 20, 20, 1)
Valset:  	x-(999, 20, 20, 3)  	y-(999, 20, 20, 1)
Testset:	x-(2001, 20, 20, 3)	y-(2001, 20, 20, 1)

--------- GridGCN ---------
{
    "num_grids_height": 20,
    "num_grids_width": 20,
    "train_size": 0.7,
    "val_size": 0.1,
    "lr": 0.001,
    "weight_decay": 0,
    "milestones": [
        50
    ],
    "clip_grad": 0,
    "batch_size": 32,
    "max_epochs": 200,
    "pass_device": true,
    "model_args": {
        "num_grids_height": 20,
        "num_grids_width": 20,
        "input_dim": 3,
        "output_dim": 1,
        "hidden_dim": 32,
        "grid_embedding_dim": 16,
        "cheb_k": 3,
        "num_layers": 3,
        "device": "cuda:0"
    }
}
==========================================================================================
Layer (type:depth-idx)                   Output Shape              Param #
==========================================================================================
GridGCN                                  [32, 20, 20, 1]           12,800
├─Linear: 1-1                            [32, 400, 32]             128
├─ModuleList: 1-2                        --                        --
│    └─GCN: 2-1                          [32, 400, 32]             9,248
│    └─GCN: 2-2                          [32, 400, 32]             9,248
│    └─GCN: 2-3                          [32, 400, 32]             9,248
├─Sequential: 1-3                        [32, 400, 1]              --
│    └─Linear: 2-4                       [32, 400, 16]             528
│    └─ReLU: 2-5                         [32, 400, 16]             --
│    └─Linear: 2-6                       [32, 400, 1]              17
==========================================================================================
Total params: 41,217
Trainable params: 41,217
Non-trainable params: 0
Total mult-adds (M): 0.02
==========================================================================================
Input size (MB): 0.15
Forward/backward pass size (MB): 14.85
Params size (MB): 0.11
Estimated Total Size (MB): 15.12
==========================================================================================

Loss: MaskedMAELoss

2023-05-09 17:04:16.261513 Epoch 1  	Train Loss = 0.06497 Val Loss = 0.06143
2023-05-09 17:04:20.196251 Epoch 2  	Train Loss = 0.05911 Val Loss = 0.06083
2023-05-09 17:04:23.748751 Epoch 3  	Train Loss = 0.05871 Val Loss = 0.06034
2023-05-09 17:04:27.386681 Epoch 4  	Train Loss = 0.05811 Val Loss = 0.06007
2023-05-09 17:04:31.398564 Epoch 5  	Train Loss = 0.05725 Val Loss = 0.05794
2023-05-09 17:04:35.303521 Epoch 6  	Train Loss = 0.05452 Val Loss = 0.05525
2023-05-09 17:04:39.357078 Epoch 7  	Train Loss = 0.05207 Val Loss = 0.05173
2023-05-09 17:04:43.226661 Epoch 8  	Train Loss = 0.05005 Val Loss = 0.05123
2023-05-09 17:04:47.384467 Epoch 9  	Train Loss = 0.04944 Val Loss = 0.05026
2023-05-09 17:04:51.214894 Epoch 10  	Train Loss = 0.04867 Val Loss = 0.04980
2023-05-09 17:04:55.336778 Epoch 11  	Train Loss = 0.04815 Val Loss = 0.04951
2023-05-09 17:04:59.340129 Epoch 12  	Train Loss = 0.04768 Val Loss = 0.04945
2023-05-09 17:05:02.675655 Epoch 13  	Train Loss = 0.04734 Val Loss = 0.04917
2023-05-09 17:05:06.445009 Epoch 14  	Train Loss = 0.04695 Val Loss = 0.04933
2023-05-09 17:05:10.405995 Epoch 15  	Train Loss = 0.04665 Val Loss = 0.04824
2023-05-09 17:05:14.571543 Epoch 16  	Train Loss = 0.04656 Val Loss = 0.04811
2023-05-09 17:05:18.231113 Epoch 17  	Train Loss = 0.04607 Val Loss = 0.04852
2023-05-09 17:05:21.959030 Epoch 18  	Train Loss = 0.04615 Val Loss = 0.04845
2023-05-09 17:05:25.701243 Epoch 19  	Train Loss = 0.04608 Val Loss = 0.04794
2023-05-09 17:05:29.812953 Epoch 20  	Train Loss = 0.04582 Val Loss = 0.04761
2023-05-09 17:05:34.208692 Epoch 21  	Train Loss = 0.04557 Val Loss = 0.04806
2023-05-09 17:05:37.989213 Epoch 22  	Train Loss = 0.04547 Val Loss = 0.04737
2023-05-09 17:05:42.352767 Epoch 23  	Train Loss = 0.04523 Val Loss = 0.04745
2023-05-09 17:05:46.693517 Epoch 24  	Train Loss = 0.04519 Val Loss = 0.04772
2023-05-09 17:05:50.186690 Epoch 25  	Train Loss = 0.04490 Val Loss = 0.04694
2023-05-09 17:05:53.457836 Epoch 26  	Train Loss = 0.04513 Val Loss = 0.04710
2023-05-09 17:05:56.487589 Epoch 27  	Train Loss = 0.04472 Val Loss = 0.04702
2023-05-09 17:06:00.310157 Epoch 28  	Train Loss = 0.04459 Val Loss = 0.04754
2023-05-09 17:06:04.217757 Epoch 29  	Train Loss = 0.04458 Val Loss = 0.04654
2023-05-09 17:06:08.365188 Epoch 30  	Train Loss = 0.04442 Val Loss = 0.04687
2023-05-09 17:06:11.571449 Epoch 31  	Train Loss = 0.04436 Val Loss = 0.04653
2023-05-09 17:06:15.268226 Epoch 32  	Train Loss = 0.04431 Val Loss = 0.04639
2023-05-09 17:06:19.168908 Epoch 33  	Train Loss = 0.04422 Val Loss = 0.04631
2023-05-09 17:06:23.575775 Epoch 34  	Train Loss = 0.04422 Val Loss = 0.04667
2023-05-09 17:06:27.729274 Epoch 35  	Train Loss = 0.04410 Val Loss = 0.04715
2023-05-09 17:06:31.619983 Epoch 36  	Train Loss = 0.04411 Val Loss = 0.04634
2023-05-09 17:06:34.791610 Epoch 37  	Train Loss = 0.04399 Val Loss = 0.04631
2023-05-09 17:06:38.477426 Epoch 38  	Train Loss = 0.04373 Val Loss = 0.04652
2023-05-09 17:06:42.430154 Epoch 39  	Train Loss = 0.04378 Val Loss = 0.04630
2023-05-09 17:06:46.115225 Epoch 40  	Train Loss = 0.04370 Val Loss = 0.04626
2023-05-09 17:06:50.060091 Epoch 41  	Train Loss = 0.04363 Val Loss = 0.04597
2023-05-09 17:06:54.260379 Epoch 42  	Train Loss = 0.04354 Val Loss = 0.04584
2023-05-09 17:06:58.539643 Epoch 43  	Train Loss = 0.04333 Val Loss = 0.04649
2023-05-09 17:07:02.735195 Epoch 44  	Train Loss = 0.04349 Val Loss = 0.04559
2023-05-09 17:07:07.081030 Epoch 45  	Train Loss = 0.04326 Val Loss = 0.04584
2023-05-09 17:07:11.033989 Epoch 46  	Train Loss = 0.04331 Val Loss = 0.04595
2023-05-09 17:07:13.968608 Epoch 47  	Train Loss = 0.04321 Val Loss = 0.04569
2023-05-09 17:07:17.643720 Epoch 48  	Train Loss = 0.04325 Val Loss = 0.04619
2023-05-09 17:07:21.618505 Epoch 49  	Train Loss = 0.04328 Val Loss = 0.04597
2023-05-09 17:07:25.398583 Epoch 50  	Train Loss = 0.04311 Val Loss = 0.04571
2023-05-09 17:07:29.307245 Epoch 51  	Train Loss = 0.04204 Val Loss = 0.04500
2023-05-09 17:07:32.749936 Epoch 52  	Train Loss = 0.04190 Val Loss = 0.04508
2023-05-09 17:07:36.442467 Epoch 53  	Train Loss = 0.04186 Val Loss = 0.04506
2023-05-09 17:07:40.354425 Epoch 54  	Train Loss = 0.04184 Val Loss = 0.04481
2023-05-09 17:07:44.768714 Epoch 55  	Train Loss = 0.04182 Val Loss = 0.04493
2023-05-09 17:07:48.414957 Epoch 56  	Train Loss = 0.04181 Val Loss = 0.04490
2023-05-09 17:07:52.210489 Epoch 57  	Train Loss = 0.04171 Val Loss = 0.04480
2023-05-09 17:07:55.555601 Epoch 58  	Train Loss = 0.04173 Val Loss = 0.04483
2023-05-09 17:07:59.287059 Epoch 59  	Train Loss = 0.04169 Val Loss = 0.04486
2023-05-09 17:08:03.375711 Epoch 60  	Train Loss = 0.04170 Val Loss = 0.04492
2023-05-09 17:08:06.795572 Epoch 61  	Train Loss = 0.04168 Val Loss = 0.04484
2023-05-09 17:08:09.773562 Epoch 62  	Train Loss = 0.04168 Val Loss = 0.04494
2023-05-09 17:08:13.067742 Epoch 63  	Train Loss = 0.04165 Val Loss = 0.04475
2023-05-09 17:08:16.430058 Epoch 64  	Train Loss = 0.04164 Val Loss = 0.04498
2023-05-09 17:08:20.320699 Epoch 65  	Train Loss = 0.04162 Val Loss = 0.04485
2023-05-09 17:08:24.073304 Epoch 66  	Train Loss = 0.04160 Val Loss = 0.04477
2023-05-09 17:08:27.402818 Epoch 67  	Train Loss = 0.04163 Val Loss = 0.04489
2023-05-09 17:08:31.097336 Epoch 68  	Train Loss = 0.04154 Val Loss = 0.04473
2023-05-09 17:08:34.867668 Epoch 69  	Train Loss = 0.04157 Val Loss = 0.04479
2023-05-09 17:08:38.489078 Epoch 70  	Train Loss = 0.04157 Val Loss = 0.04469
2023-05-09 17:08:42.034478 Epoch 71  	Train Loss = 0.04153 Val Loss = 0.04482
2023-05-09 17:08:45.605996 Epoch 72  	Train Loss = 0.04155 Val Loss = 0.04475
2023-05-09 17:08:49.551871 Epoch 73  	Train Loss = 0.04156 Val Loss = 0.04478
2023-05-09 17:08:53.122320 Epoch 74  	Train Loss = 0.04152 Val Loss = 0.04462
2023-05-09 17:08:57.155125 Epoch 75  	Train Loss = 0.04149 Val Loss = 0.04467
2023-05-09 17:09:00.749181 Epoch 76  	Train Loss = 0.04145 Val Loss = 0.04481
2023-05-09 17:09:04.873450 Epoch 77  	Train Loss = 0.04147 Val Loss = 0.04471
2023-05-09 17:09:08.664496 Epoch 78  	Train Loss = 0.04149 Val Loss = 0.04469
2023-05-09 17:09:12.455846 Epoch 79  	Train Loss = 0.04142 Val Loss = 0.04459
2023-05-09 17:09:16.609438 Epoch 80  	Train Loss = 0.04143 Val Loss = 0.04462
2023-05-09 17:09:20.379319 Epoch 81  	Train Loss = 0.04141 Val Loss = 0.04457
2023-05-09 17:09:24.160387 Epoch 82  	Train Loss = 0.04149 Val Loss = 0.04466
2023-05-09 17:09:28.385152 Epoch 83  	Train Loss = 0.04141 Val Loss = 0.04477
2023-05-09 17:09:32.068441 Epoch 84  	Train Loss = 0.04141 Val Loss = 0.04467
2023-05-09 17:09:35.578154 Epoch 85  	Train Loss = 0.04143 Val Loss = 0.04464
2023-05-09 17:09:39.536530 Epoch 86  	Train Loss = 0.04133 Val Loss = 0.04479
2023-05-09 17:09:43.537541 Epoch 87  	Train Loss = 0.04138 Val Loss = 0.04473
2023-05-09 17:09:47.113537 Epoch 88  	Train Loss = 0.04136 Val Loss = 0.04483
2023-05-09 17:09:50.892261 Epoch 89  	Train Loss = 0.04139 Val Loss = 0.04457
2023-05-09 17:09:55.080875 Epoch 90  	Train Loss = 0.04131 Val Loss = 0.04473
2023-05-09 17:09:58.803941 Epoch 91  	Train Loss = 0.04137 Val Loss = 0.04461
2023-05-09 17:10:02.796184 Epoch 92  	Train Loss = 0.04135 Val Loss = 0.04461
2023-05-09 17:10:06.776444 Epoch 93  	Train Loss = 0.04134 Val Loss = 0.04466
2023-05-09 17:10:10.995991 Epoch 94  	Train Loss = 0.04132 Val Loss = 0.04459
2023-05-09 17:10:14.928869 Epoch 95  	Train Loss = 0.04135 Val Loss = 0.04464
2023-05-09 17:10:18.761532 Epoch 96  	Train Loss = 0.04126 Val Loss = 0.04459
2023-05-09 17:10:22.754416 Epoch 97  	Train Loss = 0.04129 Val Loss = 0.04458
2023-05-09 17:10:26.547746 Epoch 98  	Train Loss = 0.04125 Val Loss = 0.04465
2023-05-09 17:10:30.117866 Epoch 99  	Train Loss = 0.04128 Val Loss = 0.04458
Early stopping at epoch: 99
Best at epoch 89:
Train Loss = 0.04139
Train MAE = 0.04102, RMSE = 0.06040
Val Loss = 0.04457
Val MAE = 0.04416, RMSE = 0.06401
--------- Test ---------
Test MAE = 0.04289, RMSE = 0.06140
Inference time: 0.20 s
