n_20_p_10
Trainset:	x-(140, 20, 20, 2)	y-(140, 20, 20, 1)
Valset:  	x-(20, 20, 20, 2)  	y-(20, 20, 20, 1)
Testset:	x-(40, 20, 20, 2)	y-(40, 20, 20, 1)

--------- GridGCN ---------
{
    "num_grids_width": 20,
    "num_grids_height": 20,
    "train_size": 0.7,
    "val_size": 0.1,
    "lr": 0.001,
    "weight_decay": 0,
    "milestones": [
        10,
        20
    ],
    "clip_grad": 0,
    "batch_size": 16,
    "max_epochs": 200,
    "model_args": {
        "num_grids_width": 20,
        "num_grids_height": 20,
        "input_dim": 2,
        "output_dim": 1
    }
}
==========================================================================================
Layer (type:depth-idx)                   Output Shape              Param #
==========================================================================================
GridGCN                                  [16, 20, 20, 1]           --
├─Linear: 1-1                            [16, 20, 20, 1]           3
==========================================================================================
Total params: 3
Trainable params: 3
Non-trainable params: 0
Total mult-adds (M): 0.00
==========================================================================================
Input size (MB): 0.05
Forward/backward pass size (MB): 0.05
Params size (MB): 0.00
Estimated Total Size (MB): 0.10
==========================================================================================

Loss: MaskedMAELoss

2023-05-08 19:22:57.194109 Epoch 1  	Train Loss = 0.48082 Val Loss = 0.53002
2023-05-08 19:22:57.203610 Epoch 2  	Train Loss = 0.47340 Val Loss = 0.51737
2023-05-08 19:22:57.213119 Epoch 3  	Train Loss = 0.45552 Val Loss = 0.50468
2023-05-08 19:22:57.223439 Epoch 4  	Train Loss = 0.44339 Val Loss = 0.49202
2023-05-08 19:22:57.234334 Epoch 5  	Train Loss = 0.43555 Val Loss = 0.47936
2023-05-08 19:22:57.243655 Epoch 6  	Train Loss = 0.42077 Val Loss = 0.46672
2023-05-08 19:22:57.252680 Epoch 7  	Train Loss = 0.40756 Val Loss = 0.45407
2023-05-08 19:22:57.262487 Epoch 8  	Train Loss = 0.39498 Val Loss = 0.44143
2023-05-08 19:22:57.271737 Epoch 9  	Train Loss = 0.38312 Val Loss = 0.42878
2023-05-08 19:22:57.281270 Epoch 10  	Train Loss = 0.36980 Val Loss = 0.41612
2023-05-08 19:22:57.290492 Epoch 11  	Train Loss = 0.36384 Val Loss = 0.41486
2023-05-08 19:22:57.299550 Epoch 12  	Train Loss = 0.36390 Val Loss = 0.41359
2023-05-08 19:22:57.308547 Epoch 13  	Train Loss = 0.36192 Val Loss = 0.41232
2023-05-08 19:22:57.317702 Epoch 14  	Train Loss = 0.36049 Val Loss = 0.41106
2023-05-08 19:22:57.326692 Epoch 15  	Train Loss = 0.36140 Val Loss = 0.40979
2023-05-08 19:22:57.335633 Epoch 16  	Train Loss = 0.36363 Val Loss = 0.40853
2023-05-08 19:22:57.344700 Epoch 17  	Train Loss = 0.35610 Val Loss = 0.40726
2023-05-08 19:22:57.353781 Epoch 18  	Train Loss = 0.35542 Val Loss = 0.40599
2023-05-08 19:22:57.362858 Epoch 19  	Train Loss = 0.35468 Val Loss = 0.40472
2023-05-08 19:22:57.372026 Epoch 20  	Train Loss = 0.35304 Val Loss = 0.40346
2023-05-08 19:22:57.381039 Epoch 21  	Train Loss = 0.35098 Val Loss = 0.40333
2023-05-08 19:22:57.390181 Epoch 22  	Train Loss = 0.35238 Val Loss = 0.40320
2023-05-08 19:22:57.399116 Epoch 23  	Train Loss = 0.35418 Val Loss = 0.40308
2023-05-08 19:22:57.408283 Epoch 24  	Train Loss = 0.35235 Val Loss = 0.40295
2023-05-08 19:22:57.417270 Epoch 25  	Train Loss = 0.35011 Val Loss = 0.40282
2023-05-08 19:22:57.426165 Epoch 26  	Train Loss = 0.35240 Val Loss = 0.40270
2023-05-08 19:22:57.435237 Epoch 27  	Train Loss = 0.35099 Val Loss = 0.40257
2023-05-08 19:22:57.444273 Epoch 28  	Train Loss = 0.34957 Val Loss = 0.40245
2023-05-08 19:22:57.453272 Epoch 29  	Train Loss = 0.34951 Val Loss = 0.40232
2023-05-08 19:22:57.462367 Epoch 30  	Train Loss = 0.34982 Val Loss = 0.40219
2023-05-08 19:22:57.471415 Epoch 31  	Train Loss = 0.35128 Val Loss = 0.40207
2023-05-08 19:22:57.480323 Epoch 32  	Train Loss = 0.35301 Val Loss = 0.40194
2023-05-08 19:22:57.489492 Epoch 33  	Train Loss = 0.35058 Val Loss = 0.40181
2023-05-08 19:22:57.498678 Epoch 34  	Train Loss = 0.35187 Val Loss = 0.40169
2023-05-08 19:22:57.507587 Epoch 35  	Train Loss = 0.34979 Val Loss = 0.40156
2023-05-08 19:22:57.516689 Epoch 36  	Train Loss = 0.34977 Val Loss = 0.40143
2023-05-08 19:22:57.525854 Epoch 37  	Train Loss = 0.35284 Val Loss = 0.40131
2023-05-08 19:22:57.535085 Epoch 38  	Train Loss = 0.35433 Val Loss = 0.40118
2023-05-08 19:22:57.544147 Epoch 39  	Train Loss = 0.34888 Val Loss = 0.40105
2023-05-08 19:22:57.553489 Epoch 40  	Train Loss = 0.35035 Val Loss = 0.40093
2023-05-08 19:22:57.562462 Epoch 41  	Train Loss = 0.35010 Val Loss = 0.40080
2023-05-08 19:22:57.571484 Epoch 42  	Train Loss = 0.34988 Val Loss = 0.40067
2023-05-08 19:22:57.580806 Epoch 43  	Train Loss = 0.34891 Val Loss = 0.40055
2023-05-08 19:22:57.589803 Epoch 44  	Train Loss = 0.35136 Val Loss = 0.40042
2023-05-08 19:22:57.598745 Epoch 45  	Train Loss = 0.35020 Val Loss = 0.40029
2023-05-08 19:22:57.607767 Epoch 46  	Train Loss = 0.35160 Val Loss = 0.40017
2023-05-08 19:22:57.616933 Epoch 47  	Train Loss = 0.34869 Val Loss = 0.40004
2023-05-08 19:22:57.626092 Epoch 48  	Train Loss = 0.34787 Val Loss = 0.39991
2023-05-08 19:22:57.635160 Epoch 49  	Train Loss = 0.34802 Val Loss = 0.39979
2023-05-08 19:22:57.644238 Epoch 50  	Train Loss = 0.35282 Val Loss = 0.39966
2023-05-08 19:22:57.653243 Epoch 51  	Train Loss = 0.34855 Val Loss = 0.39953
2023-05-08 19:22:57.662595 Epoch 52  	Train Loss = 0.35020 Val Loss = 0.39941
2023-05-08 19:22:57.672495 Epoch 53  	Train Loss = 0.34897 Val Loss = 0.39928
2023-05-08 19:22:57.681541 Epoch 54  	Train Loss = 0.34916 Val Loss = 0.39915
2023-05-08 19:22:57.690655 Epoch 55  	Train Loss = 0.34599 Val Loss = 0.39903
2023-05-08 19:22:57.699800 Epoch 56  	Train Loss = 0.34824 Val Loss = 0.39890
2023-05-08 19:22:57.708819 Epoch 57  	Train Loss = 0.34640 Val Loss = 0.39877
2023-05-08 19:22:57.717913 Epoch 58  	Train Loss = 0.34736 Val Loss = 0.39865
2023-05-08 19:22:57.727142 Epoch 59  	Train Loss = 0.34727 Val Loss = 0.39852
2023-05-08 19:22:57.736169 Epoch 60  	Train Loss = 0.34731 Val Loss = 0.39840
2023-05-08 19:22:57.745263 Epoch 61  	Train Loss = 0.34784 Val Loss = 0.39827
2023-05-08 19:22:57.754194 Epoch 62  	Train Loss = 0.34573 Val Loss = 0.39814
2023-05-08 19:22:57.763261 Epoch 63  	Train Loss = 0.34470 Val Loss = 0.39802
2023-05-08 19:22:57.772330 Epoch 64  	Train Loss = 0.34782 Val Loss = 0.39789
2023-05-08 19:22:57.781240 Epoch 65  	Train Loss = 0.35082 Val Loss = 0.39776
2023-05-08 19:22:57.790330 Epoch 66  	Train Loss = 0.34743 Val Loss = 0.39764
2023-05-08 19:22:57.799302 Epoch 67  	Train Loss = 0.34552 Val Loss = 0.39751
2023-05-08 19:22:57.808243 Epoch 68  	Train Loss = 0.34807 Val Loss = 0.39738
2023-05-08 19:22:57.817289 Epoch 69  	Train Loss = 0.34530 Val Loss = 0.39726
2023-05-08 19:22:57.826507 Epoch 70  	Train Loss = 0.34487 Val Loss = 0.39713
2023-05-08 19:22:57.835759 Epoch 71  	Train Loss = 0.34597 Val Loss = 0.39700
2023-05-08 19:22:57.844989 Epoch 72  	Train Loss = 0.34541 Val Loss = 0.39688
2023-05-08 19:22:57.854164 Epoch 73  	Train Loss = 0.34372 Val Loss = 0.39675
2023-05-08 19:22:57.863602 Epoch 74  	Train Loss = 0.34429 Val Loss = 0.39662
2023-05-08 19:22:57.872849 Epoch 75  	Train Loss = 0.34461 Val Loss = 0.39650
2023-05-08 19:22:57.881972 Epoch 76  	Train Loss = 0.34643 Val Loss = 0.39637
2023-05-08 19:22:57.891320 Epoch 77  	Train Loss = 0.34634 Val Loss = 0.39625
2023-05-08 19:22:57.900323 Epoch 78  	Train Loss = 0.34697 Val Loss = 0.39612
2023-05-08 19:22:57.909276 Epoch 79  	Train Loss = 0.34556 Val Loss = 0.39599
2023-05-08 19:22:57.918210 Epoch 80  	Train Loss = 0.34411 Val Loss = 0.39587
2023-05-08 19:22:57.927194 Epoch 81  	Train Loss = 0.34653 Val Loss = 0.39574
2023-05-08 19:22:57.943034 Epoch 82  	Train Loss = 0.34664 Val Loss = 0.39561
2023-05-08 19:22:57.958383 Epoch 83  	Train Loss = 0.34324 Val Loss = 0.39549
2023-05-08 19:22:57.972119 Epoch 84  	Train Loss = 0.34871 Val Loss = 0.39536
2023-05-08 19:22:57.986036 Epoch 85  	Train Loss = 0.34427 Val Loss = 0.39523
2023-05-08 19:22:57.998566 Epoch 86  	Train Loss = 0.34471 Val Loss = 0.39511
2023-05-08 19:22:58.011957 Epoch 87  	Train Loss = 0.34538 Val Loss = 0.39498
2023-05-08 19:22:58.026516 Epoch 88  	Train Loss = 0.34436 Val Loss = 0.39485
2023-05-08 19:22:58.040903 Epoch 89  	Train Loss = 0.34369 Val Loss = 0.39473
2023-05-08 19:22:58.055200 Epoch 90  	Train Loss = 0.34673 Val Loss = 0.39460
2023-05-08 19:22:58.069090 Epoch 91  	Train Loss = 0.34445 Val Loss = 0.39447
2023-05-08 19:22:58.083807 Epoch 92  	Train Loss = 0.34371 Val Loss = 0.39435
2023-05-08 19:22:58.097601 Epoch 93  	Train Loss = 0.34334 Val Loss = 0.39422
2023-05-08 19:22:58.110723 Epoch 94  	Train Loss = 0.34486 Val Loss = 0.39409
2023-05-08 19:22:58.124528 Epoch 95  	Train Loss = 0.34235 Val Loss = 0.39397
2023-05-08 19:22:58.139727 Epoch 96  	Train Loss = 0.34344 Val Loss = 0.39384
2023-05-08 19:22:58.154948 Epoch 97  	Train Loss = 0.34319 Val Loss = 0.39371
2023-05-08 19:22:58.168671 Epoch 98  	Train Loss = 0.34264 Val Loss = 0.39359
2023-05-08 19:22:58.181896 Epoch 99  	Train Loss = 0.34169 Val Loss = 0.39346
2023-05-08 19:22:58.195151 Epoch 100  	Train Loss = 0.34079 Val Loss = 0.39333
2023-05-08 19:22:58.208732 Epoch 101  	Train Loss = 0.34287 Val Loss = 0.39321
2023-05-08 19:22:58.223311 Epoch 102  	Train Loss = 0.34443 Val Loss = 0.39308
2023-05-08 19:22:58.239846 Epoch 103  	Train Loss = 0.34229 Val Loss = 0.39295
2023-05-08 19:22:58.257374 Epoch 104  	Train Loss = 0.34522 Val Loss = 0.39283
2023-05-08 19:22:58.274329 Epoch 105  	Train Loss = 0.34414 Val Loss = 0.39270
2023-05-08 19:22:58.290282 Epoch 106  	Train Loss = 0.34174 Val Loss = 0.39257
2023-05-08 19:22:58.307576 Epoch 107  	Train Loss = 0.34100 Val Loss = 0.39245
2023-05-08 19:22:58.325401 Epoch 108  	Train Loss = 0.34280 Val Loss = 0.39232
2023-05-08 19:22:58.341892 Epoch 109  	Train Loss = 0.34100 Val Loss = 0.39219
2023-05-08 19:22:58.358771 Epoch 110  	Train Loss = 0.33963 Val Loss = 0.39207
2023-05-08 19:22:58.375701 Epoch 111  	Train Loss = 0.34114 Val Loss = 0.39194
2023-05-08 19:22:58.391931 Epoch 112  	Train Loss = 0.34099 Val Loss = 0.39182
2023-05-08 19:22:58.409818 Epoch 113  	Train Loss = 0.34098 Val Loss = 0.39169
2023-05-08 19:22:58.426665 Epoch 114  	Train Loss = 0.34294 Val Loss = 0.39156
2023-05-08 19:22:58.444090 Epoch 115  	Train Loss = 0.33937 Val Loss = 0.39144
2023-05-08 19:22:58.461111 Epoch 116  	Train Loss = 0.33969 Val Loss = 0.39131
2023-05-08 19:22:58.482094 Epoch 117  	Train Loss = 0.33884 Val Loss = 0.39118
2023-05-08 19:22:58.499882 Epoch 118  	Train Loss = 0.34391 Val Loss = 0.39106
2023-05-08 19:22:58.515970 Epoch 119  	Train Loss = 0.34184 Val Loss = 0.39093
2023-05-08 19:22:58.532079 Epoch 120  	Train Loss = 0.33905 Val Loss = 0.39080
2023-05-08 19:22:58.549042 Epoch 121  	Train Loss = 0.34931 Val Loss = 0.39068
2023-05-08 19:22:58.566782 Epoch 122  	Train Loss = 0.33927 Val Loss = 0.39055
2023-05-08 19:22:58.583217 Epoch 123  	Train Loss = 0.33976 Val Loss = 0.39042
2023-05-08 19:22:58.600703 Epoch 124  	Train Loss = 0.34051 Val Loss = 0.39030
2023-05-08 19:22:58.618024 Epoch 125  	Train Loss = 0.33944 Val Loss = 0.39017
2023-05-08 19:22:58.635542 Epoch 126  	Train Loss = 0.34041 Val Loss = 0.39004
2023-05-08 19:22:58.652514 Epoch 127  	Train Loss = 0.33861 Val Loss = 0.38992
2023-05-08 19:22:58.669059 Epoch 128  	Train Loss = 0.33876 Val Loss = 0.38979
2023-05-08 19:22:58.685057 Epoch 129  	Train Loss = 0.34046 Val Loss = 0.38966
2023-05-08 19:22:58.702942 Epoch 130  	Train Loss = 0.33858 Val Loss = 0.38954
2023-05-08 19:22:58.719907 Epoch 131  	Train Loss = 0.33847 Val Loss = 0.38941
2023-05-08 19:22:58.737085 Epoch 132  	Train Loss = 0.34030 Val Loss = 0.38928
2023-05-08 19:22:58.753894 Epoch 133  	Train Loss = 0.33864 Val Loss = 0.38916
2023-05-08 19:22:58.770495 Epoch 134  	Train Loss = 0.33980 Val Loss = 0.38903
2023-05-08 19:22:58.785902 Epoch 135  	Train Loss = 0.33793 Val Loss = 0.38890
2023-05-08 19:22:58.802297 Epoch 136  	Train Loss = 0.33775 Val Loss = 0.38878
2023-05-08 19:22:58.818564 Epoch 137  	Train Loss = 0.33753 Val Loss = 0.38865
2023-05-08 19:22:58.835611 Epoch 138  	Train Loss = 0.33557 Val Loss = 0.38852
2023-05-08 19:22:58.852681 Epoch 139  	Train Loss = 0.33627 Val Loss = 0.38840
2023-05-08 19:22:58.869357 Epoch 140  	Train Loss = 0.33693 Val Loss = 0.38827
2023-05-08 19:22:58.885853 Epoch 141  	Train Loss = 0.33649 Val Loss = 0.38815
2023-05-08 19:22:58.902851 Epoch 142  	Train Loss = 0.33674 Val Loss = 0.38802
2023-05-08 19:22:58.919999 Epoch 143  	Train Loss = 0.33484 Val Loss = 0.38789
2023-05-08 19:22:58.937138 Epoch 144  	Train Loss = 0.33615 Val Loss = 0.38777
2023-05-08 19:22:58.954647 Epoch 145  	Train Loss = 0.33840 Val Loss = 0.38764
2023-05-08 19:22:58.971652 Epoch 146  	Train Loss = 0.33505 Val Loss = 0.38751
2023-05-08 19:22:58.987569 Epoch 147  	Train Loss = 0.33738 Val Loss = 0.38739
2023-05-08 19:22:59.004515 Epoch 148  	Train Loss = 0.33678 Val Loss = 0.38726
2023-05-08 19:22:59.021134 Epoch 149  	Train Loss = 0.33864 Val Loss = 0.38713
2023-05-08 19:22:59.037500 Epoch 150  	Train Loss = 0.33624 Val Loss = 0.38701
2023-05-08 19:22:59.054115 Epoch 151  	Train Loss = 0.33650 Val Loss = 0.38688
2023-05-08 19:22:59.071088 Epoch 152  	Train Loss = 0.33588 Val Loss = 0.38675
2023-05-08 19:22:59.087627 Epoch 153  	Train Loss = 0.33455 Val Loss = 0.38663
2023-05-08 19:22:59.104973 Epoch 154  	Train Loss = 0.33584 Val Loss = 0.38650
2023-05-08 19:22:59.121044 Epoch 155  	Train Loss = 0.33537 Val Loss = 0.38637
2023-05-08 19:22:59.137243 Epoch 156  	Train Loss = 0.33893 Val Loss = 0.38625
2023-05-08 19:22:59.154307 Epoch 157  	Train Loss = 0.33531 Val Loss = 0.38612
2023-05-08 19:22:59.171120 Epoch 158  	Train Loss = 0.33646 Val Loss = 0.38599
2023-05-08 19:22:59.187967 Epoch 159  	Train Loss = 0.33570 Val Loss = 0.38587
2023-05-08 19:22:59.205016 Epoch 160  	Train Loss = 0.33644 Val Loss = 0.38574
2023-05-08 19:22:59.221590 Epoch 161  	Train Loss = 0.33772 Val Loss = 0.38561
2023-05-08 19:22:59.238294 Epoch 162  	Train Loss = 0.33551 Val Loss = 0.38549
2023-05-08 19:22:59.254346 Epoch 163  	Train Loss = 0.33304 Val Loss = 0.38536
2023-05-08 19:22:59.271335 Epoch 164  	Train Loss = 0.33407 Val Loss = 0.38524
2023-05-08 19:22:59.287785 Epoch 165  	Train Loss = 0.33460 Val Loss = 0.38511
2023-05-08 19:22:59.305126 Epoch 166  	Train Loss = 0.33496 Val Loss = 0.38498
2023-05-08 19:22:59.321477 Epoch 167  	Train Loss = 0.33772 Val Loss = 0.38486
2023-05-08 19:22:59.338401 Epoch 168  	Train Loss = 0.33349 Val Loss = 0.38473
2023-05-08 19:22:59.355185 Epoch 169  	Train Loss = 0.33518 Val Loss = 0.38460
2023-05-08 19:22:59.371474 Epoch 170  	Train Loss = 0.33536 Val Loss = 0.38448
2023-05-08 19:22:59.388389 Epoch 171  	Train Loss = 0.33271 Val Loss = 0.38435
2023-05-08 19:22:59.405788 Epoch 172  	Train Loss = 0.33311 Val Loss = 0.38422
2023-05-08 19:22:59.423198 Epoch 173  	Train Loss = 0.33297 Val Loss = 0.38410
2023-05-08 19:22:59.439544 Epoch 174  	Train Loss = 0.33242 Val Loss = 0.38397
2023-05-08 19:22:59.455764 Epoch 175  	Train Loss = 0.33233 Val Loss = 0.38384
2023-05-08 19:22:59.471792 Epoch 176  	Train Loss = 0.33197 Val Loss = 0.38372
2023-05-08 19:22:59.488348 Epoch 177  	Train Loss = 0.33194 Val Loss = 0.38359
2023-05-08 19:22:59.505002 Epoch 178  	Train Loss = 0.33794 Val Loss = 0.38346
2023-05-08 19:22:59.521638 Epoch 179  	Train Loss = 0.33277 Val Loss = 0.38334
2023-05-08 19:22:59.538581 Epoch 180  	Train Loss = 0.33333 Val Loss = 0.38321
2023-05-08 19:22:59.556918 Epoch 181  	Train Loss = 0.33307 Val Loss = 0.38308
2023-05-08 19:22:59.574620 Epoch 182  	Train Loss = 0.33473 Val Loss = 0.38296
2023-05-08 19:22:59.592370 Epoch 183  	Train Loss = 0.33107 Val Loss = 0.38283
2023-05-08 19:22:59.609747 Epoch 184  	Train Loss = 0.33099 Val Loss = 0.38270
2023-05-08 19:22:59.627722 Epoch 185  	Train Loss = 0.33073 Val Loss = 0.38258
2023-05-08 19:22:59.644217 Epoch 186  	Train Loss = 0.33163 Val Loss = 0.38245
2023-05-08 19:22:59.661231 Epoch 187  	Train Loss = 0.33155 Val Loss = 0.38233
2023-05-08 19:22:59.678002 Epoch 188  	Train Loss = 0.33256 Val Loss = 0.38220
2023-05-08 19:22:59.695870 Epoch 189  	Train Loss = 0.33235 Val Loss = 0.38207
2023-05-08 19:22:59.713898 Epoch 190  	Train Loss = 0.33149 Val Loss = 0.38195
2023-05-08 19:22:59.730161 Epoch 191  	Train Loss = 0.33146 Val Loss = 0.38182
2023-05-08 19:22:59.746737 Epoch 192  	Train Loss = 0.33162 Val Loss = 0.38169
2023-05-08 19:22:59.764372 Epoch 193  	Train Loss = 0.33384 Val Loss = 0.38157
2023-05-08 19:22:59.781255 Epoch 194  	Train Loss = 0.33006 Val Loss = 0.38144
2023-05-08 19:22:59.799010 Epoch 195  	Train Loss = 0.33078 Val Loss = 0.38131
2023-05-08 19:22:59.817078 Epoch 196  	Train Loss = 0.32793 Val Loss = 0.38119
2023-05-08 19:22:59.833864 Epoch 197  	Train Loss = 0.32948 Val Loss = 0.38106
2023-05-08 19:22:59.850663 Epoch 198  	Train Loss = 0.32985 Val Loss = 0.38093
2023-05-08 19:22:59.867877 Epoch 199  	Train Loss = 0.33066 Val Loss = 0.38081
2023-05-08 19:22:59.884977 Epoch 200  	Train Loss = 0.32813 Val Loss = 0.38068
Early stopping at epoch: 200
Best at epoch 200:
Train Loss = 0.32813
Train MAE = 0.32772, RMSE = 0.40073
Val Loss = 0.38068
Val MAE = 0.34966, RMSE = 0.44776
--------- Test ---------
Test MAE = 0.31997, RMSE = 0.41646
Inference time: 0.00 s
