n_500_p_20
Trainset:	x-(7000, 20, 20, 3)	y-(7000, 20, 20, 1)
Valset:  	x-(999, 20, 20, 3)  	y-(999, 20, 20, 1)
Testset:	x-(2001, 20, 20, 3)	y-(2001, 20, 20, 1)

--------- GridGCN ---------
{
    "num_grids_height": 20,
    "num_grids_width": 20,
    "train_size": 0.7,
    "val_size": 0.1,
    "lr": 0.001,
    "weight_decay": 0,
    "milestones": [
        10,
        40
    ],
    "clip_grad": 0,
    "batch_size": 32,
    "max_epochs": 200,
    "pass_device": true,
    "model_args": {
        "num_grids_height": 20,
        "num_grids_width": 20,
        "input_dim": 3,
        "output_dim": 1,
        "hidden_dim": 32,
        "grid_embedding_dim": 16,
        "cheb_k": 3,
        "num_layers": 3,
        "device": "cuda:0"
    }
}
==========================================================================================
Layer (type:depth-idx)                   Output Shape              Param #
==========================================================================================
GridGCN                                  [32, 20, 20, 1]           12,800
├─Linear: 1-1                            [32, 400, 32]             128
├─ModuleList: 1-2                        --                        --
│    └─GCN: 2-1                          [32, 400, 32]             9,248
│    └─GCN: 2-2                          [32, 400, 32]             9,248
│    └─GCN: 2-3                          [32, 400, 32]             9,248
├─Sequential: 1-3                        [32, 400, 1]              --
│    └─Linear: 2-4                       [32, 400, 16]             528
│    └─ReLU: 2-5                         [32, 400, 16]             --
│    └─Linear: 2-6                       [32, 400, 1]              17
==========================================================================================
Total params: 41,217
Trainable params: 41,217
Non-trainable params: 0
Total mult-adds (M): 0.02
==========================================================================================
Input size (MB): 0.15
Forward/backward pass size (MB): 14.85
Params size (MB): 0.11
Estimated Total Size (MB): 15.12
==========================================================================================

Loss: MaskedMAELoss

2023-05-09 11:11:29.187170 Epoch 1  	Train Loss = 0.08599 Val Loss = 0.08810
2023-05-09 11:11:33.902333 Epoch 2  	Train Loss = 0.07836 Val Loss = 0.07326
2023-05-09 11:11:38.736965 Epoch 3  	Train Loss = 0.06848 Val Loss = 0.06659
2023-05-09 11:11:43.448051 Epoch 4  	Train Loss = 0.06486 Val Loss = 0.06415
2023-05-09 11:11:48.056967 Epoch 5  	Train Loss = 0.06198 Val Loss = 0.06218
2023-05-09 11:11:52.515120 Epoch 6  	Train Loss = 0.06089 Val Loss = 0.06253
2023-05-09 11:11:56.877582 Epoch 7  	Train Loss = 0.06021 Val Loss = 0.06151
2023-05-09 11:12:01.272029 Epoch 8  	Train Loss = 0.05960 Val Loss = 0.06085
2023-05-09 11:12:05.574120 Epoch 9  	Train Loss = 0.05948 Val Loss = 0.06077
2023-05-09 11:12:09.602688 Epoch 10  	Train Loss = 0.05935 Val Loss = 0.06143
2023-05-09 11:12:13.697994 Epoch 11  	Train Loss = 0.05780 Val Loss = 0.06008
2023-05-09 11:12:18.277084 Epoch 12  	Train Loss = 0.05760 Val Loss = 0.05993
2023-05-09 11:12:22.407045 Epoch 13  	Train Loss = 0.05750 Val Loss = 0.05982
2023-05-09 11:12:26.367631 Epoch 14  	Train Loss = 0.05746 Val Loss = 0.06003
2023-05-09 11:12:30.753288 Epoch 15  	Train Loss = 0.05739 Val Loss = 0.05987
2023-05-09 11:12:35.110470 Epoch 16  	Train Loss = 0.05745 Val Loss = 0.05971
2023-05-09 11:12:39.491359 Epoch 17  	Train Loss = 0.05739 Val Loss = 0.05956
2023-05-09 11:12:43.623261 Epoch 18  	Train Loss = 0.05735 Val Loss = 0.05974
2023-05-09 11:12:48.062595 Epoch 19  	Train Loss = 0.05736 Val Loss = 0.05970
2023-05-09 11:12:52.401952 Epoch 20  	Train Loss = 0.05726 Val Loss = 0.05949
2023-05-09 11:12:56.713386 Epoch 21  	Train Loss = 0.05718 Val Loss = 0.05941
2023-05-09 11:13:00.812112 Epoch 22  	Train Loss = 0.05735 Val Loss = 0.05940
2023-05-09 11:13:04.980460 Epoch 23  	Train Loss = 0.05714 Val Loss = 0.05932
2023-05-09 11:13:09.236290 Epoch 24  	Train Loss = 0.05712 Val Loss = 0.05950
2023-05-09 11:13:13.524120 Epoch 25  	Train Loss = 0.05706 Val Loss = 0.05958
2023-05-09 11:13:17.380868 Epoch 26  	Train Loss = 0.05708 Val Loss = 0.05973
2023-05-09 11:13:21.491689 Epoch 27  	Train Loss = 0.05709 Val Loss = 0.05955
2023-05-09 11:13:25.205267 Epoch 28  	Train Loss = 0.05703 Val Loss = 0.05923
2023-05-09 11:13:29.627637 Epoch 29  	Train Loss = 0.05707 Val Loss = 0.05932
2023-05-09 11:13:33.743955 Epoch 30  	Train Loss = 0.05699 Val Loss = 0.05924
2023-05-09 11:13:37.802581 Epoch 31  	Train Loss = 0.05701 Val Loss = 0.05918
2023-05-09 11:13:41.635583 Epoch 32  	Train Loss = 0.05694 Val Loss = 0.05920
2023-05-09 11:13:46.103556 Epoch 33  	Train Loss = 0.05686 Val Loss = 0.05938
2023-05-09 11:13:49.688336 Epoch 34  	Train Loss = 0.05690 Val Loss = 0.05953
2023-05-09 11:13:53.888506 Epoch 35  	Train Loss = 0.05690 Val Loss = 0.05917
2023-05-09 11:13:58.515356 Epoch 36  	Train Loss = 0.05684 Val Loss = 0.05925
2023-05-09 11:14:03.232202 Epoch 37  	Train Loss = 0.05693 Val Loss = 0.05932
2023-05-09 11:14:07.020508 Epoch 38  	Train Loss = 0.05679 Val Loss = 0.05917
2023-05-09 11:14:11.074415 Epoch 39  	Train Loss = 0.05681 Val Loss = 0.05935
2023-05-09 11:14:15.613259 Epoch 40  	Train Loss = 0.05680 Val Loss = 0.05912
2023-05-09 11:14:19.680775 Epoch 41  	Train Loss = 0.05641 Val Loss = 0.05897
2023-05-09 11:14:23.914883 Epoch 42  	Train Loss = 0.05648 Val Loss = 0.05899
2023-05-09 11:14:28.233666 Epoch 43  	Train Loss = 0.05646 Val Loss = 0.05897
2023-05-09 11:14:32.320214 Epoch 44  	Train Loss = 0.05649 Val Loss = 0.05895
2023-05-09 11:14:36.581935 Epoch 45  	Train Loss = 0.05645 Val Loss = 0.05904
2023-05-09 11:14:40.997565 Epoch 46  	Train Loss = 0.05635 Val Loss = 0.05894
2023-05-09 11:14:45.254699 Epoch 47  	Train Loss = 0.05640 Val Loss = 0.05898
2023-05-09 11:14:49.314570 Epoch 48  	Train Loss = 0.05637 Val Loss = 0.05894
2023-05-09 11:14:53.195213 Epoch 49  	Train Loss = 0.05646 Val Loss = 0.05895
2023-05-09 11:14:57.775742 Epoch 50  	Train Loss = 0.05636 Val Loss = 0.05895
2023-05-09 11:15:02.078693 Epoch 51  	Train Loss = 0.05645 Val Loss = 0.05895
2023-05-09 11:15:06.561255 Epoch 52  	Train Loss = 0.05642 Val Loss = 0.05897
2023-05-09 11:15:10.827012 Epoch 53  	Train Loss = 0.05637 Val Loss = 0.05899
2023-05-09 11:15:14.685487 Epoch 54  	Train Loss = 0.05645 Val Loss = 0.05896
2023-05-09 11:15:19.351494 Epoch 55  	Train Loss = 0.05650 Val Loss = 0.05896
2023-05-09 11:15:23.811011 Epoch 56  	Train Loss = 0.05646 Val Loss = 0.05897
2023-05-09 11:15:28.113364 Epoch 57  	Train Loss = 0.05637 Val Loss = 0.05895
2023-05-09 11:15:32.916127 Epoch 58  	Train Loss = 0.05640 Val Loss = 0.05895
Early stopping at epoch: 58
Best at epoch 48:
Train Loss = 0.05637
Train MAE = 0.05605, RMSE = 0.08164
Val Loss = 0.05894
Val MAE = 0.05781, RMSE = 0.08462
--------- Test ---------
Test MAE = 0.05772, RMSE = 0.08341
Inference time: 0.17 s
