n_2500_p_20
Trainset:	x-(35000, 20, 20, 3)	y-(35000, 20, 20, 1)
Valset:  	x-(5000, 20, 20, 3)  	y-(5000, 20, 20, 1)
Testset:	x-(10000, 20, 20, 3)	y-(10000, 20, 20, 1)

--------- GridGCN ---------
{
    "num_grids_height": 20,
    "num_grids_width": 20,
    "train_size": 0.7,
    "val_size": 0.1,
    "lr": 0.001,
    "weight_decay": 0,
    "milestones": [
        50
    ],
    "clip_grad": 0,
    "batch_size": 64,
    "max_epochs": 200,
    "pass_device": true,
    "model_args": {
        "num_grids_height": 20,
        "num_grids_width": 20,
        "input_dim": 3,
        "output_dim": 1,
        "hidden_dim": 32,
        "grid_embedding_dim": 16,
        "cheb_k": 3,
        "num_layers": 3,
        "device": "cuda:0"
    }
}
==========================================================================================
Layer (type:depth-idx)                   Output Shape              Param #
==========================================================================================
GridGCN                                  [64, 20, 20, 1]           12,800
├─Linear: 1-1                            [64, 400, 32]             128
├─ModuleList: 1-2                        --                        --
│    └─GCN: 2-1                          [64, 400, 32]             9,248
│    └─GCN: 2-2                          [64, 400, 32]             9,248
│    └─GCN: 2-3                          [64, 400, 32]             9,248
├─Sequential: 1-3                        [64, 400, 1]              --
│    └─Linear: 2-4                       [64, 400, 16]             528
│    └─ReLU: 2-5                         [64, 400, 16]             --
│    └─Linear: 2-6                       [64, 400, 1]              17
==========================================================================================
Total params: 41,217
Trainable params: 41,217
Non-trainable params: 0
Total mult-adds (M): 0.04
==========================================================================================
Input size (MB): 0.31
Forward/backward pass size (MB): 29.70
Params size (MB): 0.11
Estimated Total Size (MB): 30.12
==========================================================================================

Loss: MSELoss

2023-05-09 23:29:59.818353 Epoch 1  	Train Loss = 2.34044 Val Loss = 2.15319
2023-05-09 23:30:07.545961 Epoch 2  	Train Loss = 2.19651 Val Loss = 2.15405
2023-05-09 23:30:15.271366 Epoch 3  	Train Loss = 2.16873 Val Loss = 2.04770
2023-05-09 23:30:24.117981 Epoch 4  	Train Loss = 2.05504 Val Loss = 1.98219
2023-05-09 23:30:32.167420 Epoch 5  	Train Loss = 2.02632 Val Loss = 1.96851
2023-05-09 23:30:40.380261 Epoch 6  	Train Loss = 2.01385 Val Loss = 1.96880
2023-05-09 23:30:48.452401 Epoch 7  	Train Loss = 2.00683 Val Loss = 1.96040
2023-05-09 23:30:56.009932 Epoch 8  	Train Loss = 2.00079 Val Loss = 1.94867
2023-05-09 23:31:03.102554 Epoch 9  	Train Loss = 1.99161 Val Loss = 1.94110
2023-05-09 23:31:11.196713 Epoch 10  	Train Loss = 1.98309 Val Loss = 1.93050
2023-05-09 23:31:19.402811 Epoch 11  	Train Loss = 1.97172 Val Loss = 1.92308
2023-05-09 23:31:27.520825 Epoch 12  	Train Loss = 1.95561 Val Loss = 1.90872
2023-05-09 23:31:35.549881 Epoch 13  	Train Loss = 1.93892 Val Loss = 1.88852
2023-05-09 23:31:43.750038 Epoch 14  	Train Loss = 1.92204 Val Loss = 1.87295
2023-05-09 23:31:52.571772 Epoch 15  	Train Loss = 1.90447 Val Loss = 1.85663
2023-05-09 23:32:01.088127 Epoch 16  	Train Loss = 1.89026 Val Loss = 1.83463
2023-05-09 23:32:09.643835 Epoch 17  	Train Loss = 1.87344 Val Loss = 1.83665
2023-05-09 23:32:17.972498 Epoch 18  	Train Loss = 1.86649 Val Loss = 1.82188
2023-05-09 23:32:26.471646 Epoch 19  	Train Loss = 1.85113 Val Loss = 1.81823
2023-05-09 23:32:34.555860 Epoch 20  	Train Loss = 1.84833 Val Loss = 1.79625
2023-05-09 23:32:42.644378 Epoch 21  	Train Loss = 1.83808 Val Loss = 1.79143
2023-05-09 23:32:51.626644 Epoch 22  	Train Loss = 1.83283 Val Loss = 1.79591
2023-05-09 23:33:00.298382 Epoch 23  	Train Loss = 1.82722 Val Loss = 1.79058
2023-05-09 23:33:08.277925 Epoch 24  	Train Loss = 1.82173 Val Loss = 1.77587
2023-05-09 23:33:16.250318 Epoch 25  	Train Loss = 1.81656 Val Loss = 1.76945
2023-05-09 23:33:24.759922 Epoch 26  	Train Loss = 1.81151 Val Loss = 1.78234
2023-05-09 23:33:32.311433 Epoch 27  	Train Loss = 1.80745 Val Loss = 1.77119
2023-05-09 23:33:41.087976 Epoch 28  	Train Loss = 1.80666 Val Loss = 1.76749
2023-05-09 23:33:49.609318 Epoch 29  	Train Loss = 1.79829 Val Loss = 1.75075
2023-05-09 23:33:58.556253 Epoch 30  	Train Loss = 1.79708 Val Loss = 1.76715
2023-05-09 23:34:07.914281 Epoch 31  	Train Loss = 1.79520 Val Loss = 1.75750
2023-05-09 23:34:16.585462 Epoch 32  	Train Loss = 1.78991 Val Loss = 1.76598
2023-05-09 23:34:25.530803 Epoch 33  	Train Loss = 1.78576 Val Loss = 1.75189
2023-05-09 23:34:34.660380 Epoch 34  	Train Loss = 1.78676 Val Loss = 1.74295
2023-05-09 23:34:43.506837 Epoch 35  	Train Loss = 1.78483 Val Loss = 1.73600
2023-05-09 23:34:52.182009 Epoch 36  	Train Loss = 1.77846 Val Loss = 1.73637
2023-05-09 23:35:01.377495 Epoch 37  	Train Loss = 1.77797 Val Loss = 1.73099
2023-05-09 23:35:11.017398 Epoch 38  	Train Loss = 1.77794 Val Loss = 1.74205
2023-05-09 23:35:19.937827 Epoch 39  	Train Loss = 1.77428 Val Loss = 1.73995
2023-05-09 23:35:28.577663 Epoch 40  	Train Loss = 1.77263 Val Loss = 1.72315
2023-05-09 23:35:37.454465 Epoch 41  	Train Loss = 1.77081 Val Loss = 1.72879
2023-05-09 23:35:46.595374 Epoch 42  	Train Loss = 1.76795 Val Loss = 1.73267
2023-05-09 23:35:55.878026 Epoch 43  	Train Loss = 1.76588 Val Loss = 1.74896
2023-05-09 23:36:05.428226 Epoch 44  	Train Loss = 1.76562 Val Loss = 1.71794
2023-05-09 23:36:14.401005 Epoch 45  	Train Loss = 1.76076 Val Loss = 1.71974
2023-05-09 23:36:23.109011 Epoch 46  	Train Loss = 1.76161 Val Loss = 1.75637
2023-05-09 23:36:31.901791 Epoch 47  	Train Loss = 1.76071 Val Loss = 1.72336
2023-05-09 23:36:40.797218 Epoch 48  	Train Loss = 1.75700 Val Loss = 1.72616
2023-05-09 23:36:49.806491 Epoch 49  	Train Loss = 1.75360 Val Loss = 1.71577
2023-05-09 23:36:59.131435 Epoch 50  	Train Loss = 1.75350 Val Loss = 1.71953
2023-05-09 23:37:07.931226 Epoch 51  	Train Loss = 1.72979 Val Loss = 1.70308
2023-05-09 23:37:17.020182 Epoch 52  	Train Loss = 1.72755 Val Loss = 1.70248
2023-05-09 23:37:25.454428 Epoch 53  	Train Loss = 1.72655 Val Loss = 1.69945
2023-05-09 23:37:34.535860 Epoch 54  	Train Loss = 1.72574 Val Loss = 1.69664
2023-05-09 23:37:43.477813 Epoch 55  	Train Loss = 1.72507 Val Loss = 1.69555
2023-05-09 23:37:53.437819 Epoch 56  	Train Loss = 1.72489 Val Loss = 1.69705
2023-05-09 23:38:02.384977 Epoch 57  	Train Loss = 1.72433 Val Loss = 1.69467
2023-05-09 23:38:11.324220 Epoch 58  	Train Loss = 1.72388 Val Loss = 1.69393
2023-05-09 23:38:20.418526 Epoch 59  	Train Loss = 1.72349 Val Loss = 1.69437
2023-05-09 23:38:29.399766 Epoch 60  	Train Loss = 1.72366 Val Loss = 1.69376
2023-05-09 23:38:38.695289 Epoch 61  	Train Loss = 1.72321 Val Loss = 1.69393
2023-05-09 23:38:47.200997 Epoch 62  	Train Loss = 1.72230 Val Loss = 1.69410
2023-05-09 23:38:56.267797 Epoch 63  	Train Loss = 1.72185 Val Loss = 1.69631
2023-05-09 23:39:04.849247 Epoch 64  	Train Loss = 1.72182 Val Loss = 1.69337
2023-05-09 23:39:13.748668 Epoch 65  	Train Loss = 1.72122 Val Loss = 1.69283
2023-05-09 23:39:22.613403 Epoch 66  	Train Loss = 1.72074 Val Loss = 1.70802
2023-05-09 23:39:31.163240 Epoch 67  	Train Loss = 1.72096 Val Loss = 1.69315
2023-05-09 23:39:39.729417 Epoch 68  	Train Loss = 1.72040 Val Loss = 1.69285
2023-05-09 23:39:48.877284 Epoch 69  	Train Loss = 1.71999 Val Loss = 1.69445
2023-05-09 23:39:57.509863 Epoch 70  	Train Loss = 1.71968 Val Loss = 1.69057
2023-05-09 23:40:06.441248 Epoch 71  	Train Loss = 1.71993 Val Loss = 1.69737
2023-05-09 23:40:15.614205 Epoch 72  	Train Loss = 1.71929 Val Loss = 1.69200
2023-05-09 23:40:24.958248 Epoch 73  	Train Loss = 1.71955 Val Loss = 1.69151
2023-05-09 23:40:33.658260 Epoch 74  	Train Loss = 1.71902 Val Loss = 1.69484
2023-05-09 23:40:42.648852 Epoch 75  	Train Loss = 1.71851 Val Loss = 1.69458
2023-05-09 23:40:51.731800 Epoch 76  	Train Loss = 1.71838 Val Loss = 1.69721
2023-05-09 23:41:00.876291 Epoch 77  	Train Loss = 1.71781 Val Loss = 1.68956
2023-05-09 23:41:09.680468 Epoch 78  	Train Loss = 1.71727 Val Loss = 1.68926
2023-05-09 23:41:18.137690 Epoch 79  	Train Loss = 1.71754 Val Loss = 1.68959
2023-05-09 23:41:26.386422 Epoch 80  	Train Loss = 1.71656 Val Loss = 1.69040
2023-05-09 23:41:34.954278 Epoch 81  	Train Loss = 1.71725 Val Loss = 1.68810
2023-05-09 23:41:43.657353 Epoch 82  	Train Loss = 1.71681 Val Loss = 1.69316
2023-05-09 23:41:51.963701 Epoch 83  	Train Loss = 1.71628 Val Loss = 1.69147
2023-05-09 23:42:00.314979 Epoch 84  	Train Loss = 1.71651 Val Loss = 1.68828
2023-05-09 23:42:09.081966 Epoch 85  	Train Loss = 1.71695 Val Loss = 1.69084
2023-05-09 23:42:17.727428 Epoch 86  	Train Loss = 1.71605 Val Loss = 1.68839
2023-05-09 23:42:25.999873 Epoch 87  	Train Loss = 1.71621 Val Loss = 1.68894
2023-05-09 23:42:34.249239 Epoch 88  	Train Loss = 1.71586 Val Loss = 1.68923
2023-05-09 23:42:42.715953 Epoch 89  	Train Loss = 1.71529 Val Loss = 1.68817
2023-05-09 23:42:51.246616 Epoch 90  	Train Loss = 1.71548 Val Loss = 1.68696
2023-05-09 23:43:00.419786 Epoch 91  	Train Loss = 1.71500 Val Loss = 1.68710
2023-05-09 23:43:08.412483 Epoch 92  	Train Loss = 1.71476 Val Loss = 1.68614
2023-05-09 23:43:17.502566 Epoch 93  	Train Loss = 1.71446 Val Loss = 1.68641
2023-05-09 23:43:25.983707 Epoch 94  	Train Loss = 1.71443 Val Loss = 1.68649
2023-05-09 23:43:34.762749 Epoch 95  	Train Loss = 1.71410 Val Loss = 1.68824
2023-05-09 23:43:43.189477 Epoch 96  	Train Loss = 1.71355 Val Loss = 1.68717
2023-05-09 23:43:52.339726 Epoch 97  	Train Loss = 1.71435 Val Loss = 1.68575
2023-05-09 23:44:00.513719 Epoch 98  	Train Loss = 1.71344 Val Loss = 1.68932
2023-05-09 23:44:09.373923 Epoch 99  	Train Loss = 1.71373 Val Loss = 1.68728
2023-05-09 23:44:17.683189 Epoch 100  	Train Loss = 1.71388 Val Loss = 1.68711
2023-05-09 23:44:25.916907 Epoch 101  	Train Loss = 1.71326 Val Loss = 1.69237
2023-05-09 23:44:33.625932 Epoch 102  	Train Loss = 1.71290 Val Loss = 1.68566
2023-05-09 23:44:42.281479 Epoch 103  	Train Loss = 1.71262 Val Loss = 1.68804
2023-05-09 23:44:49.907102 Epoch 104  	Train Loss = 1.71250 Val Loss = 1.68635
2023-05-09 23:44:58.006000 Epoch 105  	Train Loss = 1.71282 Val Loss = 1.68591
2023-05-09 23:45:06.691100 Epoch 106  	Train Loss = 1.71190 Val Loss = 1.68629
2023-05-09 23:45:14.644253 Epoch 107  	Train Loss = 1.71322 Val Loss = 1.68516
2023-05-09 23:45:23.656050 Epoch 108  	Train Loss = 1.71143 Val Loss = 1.68365
2023-05-09 23:45:32.518057 Epoch 109  	Train Loss = 1.71190 Val Loss = 1.68357
2023-05-09 23:45:41.012661 Epoch 110  	Train Loss = 1.71156 Val Loss = 1.68361
2023-05-09 23:45:49.582030 Epoch 111  	Train Loss = 1.71088 Val Loss = 1.68371
2023-05-09 23:45:57.701754 Epoch 112  	Train Loss = 1.71061 Val Loss = 1.68290
2023-05-09 23:46:06.679967 Epoch 113  	Train Loss = 1.71072 Val Loss = 1.68676
2023-05-09 23:46:15.183496 Epoch 114  	Train Loss = 1.71070 Val Loss = 1.68352
2023-05-09 23:46:23.529453 Epoch 115  	Train Loss = 1.70969 Val Loss = 1.68288
2023-05-09 23:46:32.210074 Epoch 116  	Train Loss = 1.71052 Val Loss = 1.69559
2023-05-09 23:46:40.520920 Epoch 117  	Train Loss = 1.70980 Val Loss = 1.68246
2023-05-09 23:46:49.085348 Epoch 118  	Train Loss = 1.71026 Val Loss = 1.68370
2023-05-09 23:46:57.442109 Epoch 119  	Train Loss = 1.70894 Val Loss = 1.68337
2023-05-09 23:47:05.308313 Epoch 120  	Train Loss = 1.70876 Val Loss = 1.68144
2023-05-09 23:47:13.967331 Epoch 121  	Train Loss = 1.70926 Val Loss = 1.68700
2023-05-09 23:47:22.378820 Epoch 122  	Train Loss = 1.70877 Val Loss = 1.68215
2023-05-09 23:47:31.131752 Epoch 123  	Train Loss = 1.70911 Val Loss = 1.68146
2023-05-09 23:47:39.543851 Epoch 124  	Train Loss = 1.70894 Val Loss = 1.69131
2023-05-09 23:47:47.714201 Epoch 125  	Train Loss = 1.70843 Val Loss = 1.68051
2023-05-09 23:47:56.090409 Epoch 126  	Train Loss = 1.70820 Val Loss = 1.68219
2023-05-09 23:48:04.568364 Epoch 127  	Train Loss = 1.70769 Val Loss = 1.68054
2023-05-09 23:48:13.070634 Epoch 128  	Train Loss = 1.70755 Val Loss = 1.68182
2023-05-09 23:48:22.437558 Epoch 129  	Train Loss = 1.70709 Val Loss = 1.68964
2023-05-09 23:48:31.566128 Epoch 130  	Train Loss = 1.70666 Val Loss = 1.68625
2023-05-09 23:48:40.595103 Epoch 131  	Train Loss = 1.70716 Val Loss = 1.67902
2023-05-09 23:48:49.788660 Epoch 132  	Train Loss = 1.70661 Val Loss = 1.68080
2023-05-09 23:48:59.637996 Epoch 133  	Train Loss = 1.70622 Val Loss = 1.68175
2023-05-09 23:49:09.332622 Epoch 134  	Train Loss = 1.70646 Val Loss = 1.68003
2023-05-09 23:49:18.173814 Epoch 135  	Train Loss = 1.70599 Val Loss = 1.67858
2023-05-09 23:49:27.282057 Epoch 136  	Train Loss = 1.70643 Val Loss = 1.68282
2023-05-09 23:49:36.381807 Epoch 137  	Train Loss = 1.70583 Val Loss = 1.67997
2023-05-09 23:49:45.092430 Epoch 138  	Train Loss = 1.70554 Val Loss = 1.68092
2023-05-09 23:49:54.298425 Epoch 139  	Train Loss = 1.70527 Val Loss = 1.68006
2023-05-09 23:50:03.106288 Epoch 140  	Train Loss = 1.70565 Val Loss = 1.67898
2023-05-09 23:50:12.228003 Epoch 141  	Train Loss = 1.70540 Val Loss = 1.67722
2023-05-09 23:50:21.279486 Epoch 142  	Train Loss = 1.70568 Val Loss = 1.67761
2023-05-09 23:50:29.788219 Epoch 143  	Train Loss = 1.70468 Val Loss = 1.67870
2023-05-09 23:50:39.160868 Epoch 144  	Train Loss = 1.70485 Val Loss = 1.67854
2023-05-09 23:50:48.296049 Epoch 145  	Train Loss = 1.70533 Val Loss = 1.67937
2023-05-09 23:50:57.421560 Epoch 146  	Train Loss = 1.70476 Val Loss = 1.68039
2023-05-09 23:51:05.995258 Epoch 147  	Train Loss = 1.70477 Val Loss = 1.67810
2023-05-09 23:51:14.505129 Epoch 148  	Train Loss = 1.70409 Val Loss = 1.67967
2023-05-09 23:51:23.652740 Epoch 149  	Train Loss = 1.70364 Val Loss = 1.67795
2023-05-09 23:51:32.114582 Epoch 150  	Train Loss = 1.70351 Val Loss = 1.67924
2023-05-09 23:51:40.702328 Epoch 151  	Train Loss = 1.70381 Val Loss = 1.67738
Early stopping at epoch: 151
Best at epoch 141:
Train Loss = 1.70540
Train MAE = 5.42569, RMSE = 6.31481
Val Loss = 1.67722
Val MAE = 5.42404, RMSE = 6.31946
--------- Test ---------
Test MAE = 5.42655, RMSE = 6.32012
Inference time: 0.48 s
