n_500_p_20
Trainset:	x-(7000, 20, 20, 2)	y-(7000, 20, 20, 1)
Valset:  	x-(999, 20, 20, 2)  	y-(999, 20, 20, 1)
Testset:	x-(2001, 20, 20, 2)	y-(2001, 20, 20, 1)

--------- GridGCN ---------
{
    "num_grids_height": 20,
    "num_grids_width": 20,
    "train_size": 0.7,
    "val_size": 0.1,
    "lr": 0.001,
    "weight_decay": 0,
    "milestones": [
        10,
        40
    ],
    "clip_grad": 0,
    "batch_size": 32,
    "max_epochs": 200,
    "pass_device": true,
    "model_args": {
        "num_grids_height": 20,
        "num_grids_width": 20,
        "input_dim": 2,
        "output_dim": 1,
        "hidden_dim": 64,
        "cheb_k": 3,
        "num_layers": 3,
        "device": "cuda:0"
    }
}
==========================================================================================
Layer (type:depth-idx)                   Output Shape              Param #
==========================================================================================
GridGCN                                  [32, 20, 20, 1]           --
├─Linear: 1-1                            [32, 400, 64]             192
├─ModuleList: 1-2                        --                        --
│    └─GCN: 2-1                          [32, 400, 64]             24,640
│    └─GCN: 2-2                          [32, 400, 64]             24,640
│    └─GCN: 2-3                          [32, 400, 64]             24,640
├─Sequential: 1-3                        [32, 400, 1]              --
│    └─Linear: 2-4                       [32, 400, 32]             2,080
│    └─ReLU: 2-5                         [32, 400, 32]             --
│    └─Linear: 2-6                       [32, 400, 1]              33
==========================================================================================
Total params: 76,225
Trainable params: 76,225
Non-trainable params: 0
Total mult-adds (M): 0.07
==========================================================================================
Input size (MB): 0.10
Forward/backward pass size (MB): 29.59
Params size (MB): 0.30
Estimated Total Size (MB): 30.00
==========================================================================================

Loss: MaskedMAELoss

2023-05-08 20:50:05.318072 Epoch 1  	Train Loss = 0.08494 Val Loss = 0.08493
2023-05-08 20:50:06.931049 Epoch 2  	Train Loss = 0.08077 Val Loss = 0.08337
2023-05-08 20:50:08.566749 Epoch 3  	Train Loss = 0.07777 Val Loss = 0.07729
2023-05-08 20:50:10.201592 Epoch 4  	Train Loss = 0.07706 Val Loss = 0.07678
2023-05-08 20:50:11.823892 Epoch 5  	Train Loss = 0.07477 Val Loss = 0.07611
2023-05-08 20:50:13.454304 Epoch 6  	Train Loss = 0.07394 Val Loss = 0.08077
2023-05-08 20:50:15.092948 Epoch 7  	Train Loss = 0.07362 Val Loss = 0.07357
2023-05-08 20:50:16.736763 Epoch 8  	Train Loss = 0.07301 Val Loss = 0.07586
2023-05-08 20:50:18.384245 Epoch 9  	Train Loss = 0.07221 Val Loss = 0.07683
2023-05-08 20:50:20.038663 Epoch 10  	Train Loss = 0.07185 Val Loss = 0.07371
2023-05-08 20:50:21.664957 Epoch 11  	Train Loss = 0.06918 Val Loss = 0.07151
2023-05-08 20:50:23.315272 Epoch 12  	Train Loss = 0.06877 Val Loss = 0.07095
2023-05-08 20:50:24.959762 Epoch 13  	Train Loss = 0.06811 Val Loss = 0.07049
2023-05-08 20:50:26.594907 Epoch 14  	Train Loss = 0.06787 Val Loss = 0.07040
2023-05-08 20:50:28.220293 Epoch 15  	Train Loss = 0.06756 Val Loss = 0.07013
2023-05-08 20:50:29.851178 Epoch 16  	Train Loss = 0.06749 Val Loss = 0.07000
2023-05-08 20:50:31.504171 Epoch 17  	Train Loss = 0.06714 Val Loss = 0.06973
2023-05-08 20:50:33.155653 Epoch 18  	Train Loss = 0.06711 Val Loss = 0.07062
2023-05-08 20:50:34.786554 Epoch 19  	Train Loss = 0.06710 Val Loss = 0.07160
2023-05-08 20:50:36.430141 Epoch 20  	Train Loss = 0.06688 Val Loss = 0.06984
2023-05-08 20:50:38.075903 Epoch 21  	Train Loss = 0.06680 Val Loss = 0.06967
2023-05-08 20:50:39.715289 Epoch 22  	Train Loss = 0.06676 Val Loss = 0.06922
2023-05-08 20:50:41.363086 Epoch 23  	Train Loss = 0.06663 Val Loss = 0.07112
2023-05-08 20:50:43.020927 Epoch 24  	Train Loss = 0.06656 Val Loss = 0.06992
2023-05-08 20:50:44.659987 Epoch 25  	Train Loss = 0.06643 Val Loss = 0.06907
2023-05-08 20:50:46.307834 Epoch 26  	Train Loss = 0.06639 Val Loss = 0.06889
2023-05-08 20:50:47.946772 Epoch 27  	Train Loss = 0.06613 Val Loss = 0.06895
2023-05-08 20:50:49.582384 Epoch 28  	Train Loss = 0.06641 Val Loss = 0.06906
2023-05-08 20:50:51.222271 Epoch 29  	Train Loss = 0.06628 Val Loss = 0.06919
2023-05-08 20:50:52.880159 Epoch 30  	Train Loss = 0.06626 Val Loss = 0.06892
2023-05-08 20:50:54.517357 Epoch 31  	Train Loss = 0.06612 Val Loss = 0.06863
2023-05-08 20:50:56.149042 Epoch 32  	Train Loss = 0.06597 Val Loss = 0.06880
2023-05-08 20:50:57.786462 Epoch 33  	Train Loss = 0.06608 Val Loss = 0.06903
2023-05-08 20:50:59.428614 Epoch 34  	Train Loss = 0.06598 Val Loss = 0.06871
2023-05-08 20:51:01.067263 Epoch 35  	Train Loss = 0.06602 Val Loss = 0.06914
2023-05-08 20:51:02.698519 Epoch 36  	Train Loss = 0.06597 Val Loss = 0.06852
2023-05-08 20:51:04.338985 Epoch 37  	Train Loss = 0.06597 Val Loss = 0.06856
2023-05-08 20:51:05.959956 Epoch 38  	Train Loss = 0.06582 Val Loss = 0.06862
2023-05-08 20:51:07.600705 Epoch 39  	Train Loss = 0.06590 Val Loss = 0.06864
2023-05-08 20:51:09.233355 Epoch 40  	Train Loss = 0.06581 Val Loss = 0.06846
2023-05-08 20:51:10.871115 Epoch 41  	Train Loss = 0.06533 Val Loss = 0.06834
2023-05-08 20:51:12.493420 Epoch 42  	Train Loss = 0.06532 Val Loss = 0.06828
2023-05-08 20:51:14.128070 Epoch 43  	Train Loss = 0.06519 Val Loss = 0.06822
2023-05-08 20:51:15.753518 Epoch 44  	Train Loss = 0.06528 Val Loss = 0.06821
2023-05-08 20:51:17.387918 Epoch 45  	Train Loss = 0.06521 Val Loss = 0.06834
2023-05-08 20:51:19.025353 Epoch 46  	Train Loss = 0.06520 Val Loss = 0.06834
2023-05-08 20:51:20.655954 Epoch 47  	Train Loss = 0.06522 Val Loss = 0.06822
2023-05-08 20:51:22.280715 Epoch 48  	Train Loss = 0.06529 Val Loss = 0.06834
2023-05-08 20:51:23.902682 Epoch 49  	Train Loss = 0.06537 Val Loss = 0.06825
2023-05-08 20:51:25.530429 Epoch 50  	Train Loss = 0.06523 Val Loss = 0.06823
2023-05-08 20:51:27.158429 Epoch 51  	Train Loss = 0.06525 Val Loss = 0.06832
2023-05-08 20:51:28.788042 Epoch 52  	Train Loss = 0.06526 Val Loss = 0.06827
2023-05-08 20:51:30.423047 Epoch 53  	Train Loss = 0.06517 Val Loss = 0.06824
2023-05-08 20:51:32.066096 Epoch 54  	Train Loss = 0.06522 Val Loss = 0.06818
2023-05-08 20:51:33.708896 Epoch 55  	Train Loss = 0.06515 Val Loss = 0.06826
2023-05-08 20:51:35.347834 Epoch 56  	Train Loss = 0.06522 Val Loss = 0.06816
2023-05-08 20:51:36.979885 Epoch 57  	Train Loss = 0.06514 Val Loss = 0.06848
2023-05-08 20:51:38.607679 Epoch 58  	Train Loss = 0.06515 Val Loss = 0.06831
2023-05-08 20:51:40.236065 Epoch 59  	Train Loss = 0.06520 Val Loss = 0.06823
2023-05-08 20:51:41.861373 Epoch 60  	Train Loss = 0.06517 Val Loss = 0.06813
2023-05-08 20:51:43.492061 Epoch 61  	Train Loss = 0.06511 Val Loss = 0.06821
2023-05-08 20:51:45.131864 Epoch 62  	Train Loss = 0.06518 Val Loss = 0.06825
2023-05-08 20:51:46.769886 Epoch 63  	Train Loss = 0.06508 Val Loss = 0.06821
2023-05-08 20:51:48.395880 Epoch 64  	Train Loss = 0.06511 Val Loss = 0.06824
2023-05-08 20:51:50.027965 Epoch 65  	Train Loss = 0.06516 Val Loss = 0.06822
2023-05-08 20:51:51.662435 Epoch 66  	Train Loss = 0.06514 Val Loss = 0.06816
2023-05-08 20:51:53.293083 Epoch 67  	Train Loss = 0.06516 Val Loss = 0.06817
2023-05-08 20:51:54.940940 Epoch 68  	Train Loss = 0.06509 Val Loss = 0.06817
2023-05-08 20:51:56.575833 Epoch 69  	Train Loss = 0.06516 Val Loss = 0.06841
2023-05-08 20:51:58.211372 Epoch 70  	Train Loss = 0.06523 Val Loss = 0.06815
Early stopping at epoch: 70
Best at epoch 60:
Train Loss = 0.06517
Train MAE = 0.06467, RMSE = 0.10136
Val Loss = 0.06813
Val MAE = 0.06695, RMSE = 0.10840
--------- Test ---------
Test MAE = 0.06476, RMSE = 0.09904
Inference time: 0.12 s
