n_500_p_20
Trainset:	x-(7000, 20, 20, 2)	y-(7000, 20, 20, 1)
Valset:  	x-(999, 20, 20, 2)  	y-(999, 20, 20, 1)
Testset:	x-(2001, 20, 20, 2)	y-(2001, 20, 20, 1)

--------- GridGCN ---------
{
    "num_grids_height": 20,
    "num_grids_width": 20,
    "train_size": 0.7,
    "val_size": 0.1,
    "lr": 0.001,
    "weight_decay": 0,
    "milestones": [
        10,
        20
    ],
    "clip_grad": 0,
    "batch_size": 16,
    "max_epochs": 200,
    "pass_device": true,
    "model_args": {
        "num_grids_height": 20,
        "num_grids_width": 20,
        "input_dim": 2,
        "output_dim": 1,
        "hidden_dim": 32,
        "cheb_k": 3,
        "num_layers": 3,
        "device": "cuda:0"
    }
}
==========================================================================================
Layer (type:depth-idx)                   Output Shape              Param #
==========================================================================================
GridGCN                                  [16, 20, 20, 1]           --
├─Linear: 1-1                            [16, 400, 32]             96
├─ModuleList: 1-2                        --                        --
│    └─GCN: 2-1                          [16, 400, 32]             6,176
│    └─GCN: 2-2                          [16, 400, 32]             6,176
│    └─GCN: 2-3                          [16, 400, 32]             6,176
├─Sequential: 1-3                        [16, 400, 1]              --
│    └─Linear: 2-4                       [16, 400, 16]             528
│    └─ReLU: 2-5                         [16, 400, 16]             --
│    └─Linear: 2-6                       [16, 400, 1]              17
==========================================================================================
Total params: 19,169
Trainable params: 19,169
Non-trainable params: 0
Total mult-adds (M): 0.01
==========================================================================================
Input size (MB): 0.05
Forward/backward pass size (MB): 7.42
Params size (MB): 0.08
Estimated Total Size (MB): 7.55
==========================================================================================

Loss: MaskedMAELoss

2023-05-08 20:41:35.503741 Epoch 1  	Train Loss = 0.08424 Val Loss = 0.08731
2023-05-08 20:41:39.254939 Epoch 2  	Train Loss = 0.07856 Val Loss = 0.08546
2023-05-08 20:41:43.203290 Epoch 3  	Train Loss = 0.07753 Val Loss = 0.07829
2023-05-08 20:41:46.667149 Epoch 4  	Train Loss = 0.07536 Val Loss = 0.07724
2023-05-08 20:41:50.005709 Epoch 5  	Train Loss = 0.07363 Val Loss = 0.07600
2023-05-08 20:41:53.922217 Epoch 6  	Train Loss = 0.07196 Val Loss = 0.07468
2023-05-08 20:41:57.291467 Epoch 7  	Train Loss = 0.07028 Val Loss = 0.07228
2023-05-08 20:42:01.144358 Epoch 8  	Train Loss = 0.06959 Val Loss = 0.07398
2023-05-08 20:42:05.079337 Epoch 9  	Train Loss = 0.06950 Val Loss = 0.07391
2023-05-08 20:42:08.364919 Epoch 10  	Train Loss = 0.06889 Val Loss = 0.07452
2023-05-08 20:42:11.711960 Epoch 11  	Train Loss = 0.06649 Val Loss = 0.06961
2023-05-08 20:42:14.911690 Epoch 12  	Train Loss = 0.06589 Val Loss = 0.06894
2023-05-08 20:42:18.130781 Epoch 13  	Train Loss = 0.06564 Val Loss = 0.06890
2023-05-08 20:42:21.739760 Epoch 14  	Train Loss = 0.06556 Val Loss = 0.06897
2023-05-08 20:42:25.663617 Epoch 15  	Train Loss = 0.06562 Val Loss = 0.06861
2023-05-08 20:42:29.363262 Epoch 16  	Train Loss = 0.06554 Val Loss = 0.06855
2023-05-08 20:42:32.573520 Epoch 17  	Train Loss = 0.06525 Val Loss = 0.06850
2023-05-08 20:42:36.035352 Epoch 18  	Train Loss = 0.06516 Val Loss = 0.06857
2023-05-08 20:42:39.943213 Epoch 19  	Train Loss = 0.06508 Val Loss = 0.06880
2023-05-08 20:42:43.702112 Epoch 20  	Train Loss = 0.06532 Val Loss = 0.06873
2023-05-08 20:42:47.448306 Epoch 21  	Train Loss = 0.06463 Val Loss = 0.06813
2023-05-08 20:42:51.710575 Epoch 22  	Train Loss = 0.06462 Val Loss = 0.06809
2023-05-08 20:42:55.331756 Epoch 23  	Train Loss = 0.06463 Val Loss = 0.06812
2023-05-08 20:42:58.521567 Epoch 24  	Train Loss = 0.06481 Val Loss = 0.06816
2023-05-08 20:43:02.330921 Epoch 25  	Train Loss = 0.06453 Val Loss = 0.06817
2023-05-08 20:43:06.322640 Epoch 26  	Train Loss = 0.06458 Val Loss = 0.06811
2023-05-08 20:43:10.222701 Epoch 27  	Train Loss = 0.06442 Val Loss = 0.06814
2023-05-08 20:43:13.642579 Epoch 28  	Train Loss = 0.06464 Val Loss = 0.06811
2023-05-08 20:43:17.390984 Epoch 29  	Train Loss = 0.06463 Val Loss = 0.06809
2023-05-08 20:43:20.971134 Epoch 30  	Train Loss = 0.06461 Val Loss = 0.06807
2023-05-08 20:43:24.816966 Epoch 31  	Train Loss = 0.06462 Val Loss = 0.06806
2023-05-08 20:43:28.731721 Epoch 32  	Train Loss = 0.06435 Val Loss = 0.06817
2023-05-08 20:43:31.960142 Epoch 33  	Train Loss = 0.06448 Val Loss = 0.06803
2023-05-08 20:43:35.401706 Epoch 34  	Train Loss = 0.06456 Val Loss = 0.06810
2023-05-08 20:43:39.367253 Epoch 35  	Train Loss = 0.06463 Val Loss = 0.06801
2023-05-08 20:43:43.105722 Epoch 36  	Train Loss = 0.06453 Val Loss = 0.06805
2023-05-08 20:43:46.861131 Epoch 37  	Train Loss = 0.06461 Val Loss = 0.06805
2023-05-08 20:43:50.703949 Epoch 38  	Train Loss = 0.06438 Val Loss = 0.06811
2023-05-08 20:43:53.943669 Epoch 39  	Train Loss = 0.06435 Val Loss = 0.06800
2023-05-08 20:43:57.161770 Epoch 40  	Train Loss = 0.06453 Val Loss = 0.06801
2023-05-08 20:44:00.939411 Epoch 41  	Train Loss = 0.06449 Val Loss = 0.06799
2023-05-08 20:44:04.742379 Epoch 42  	Train Loss = 0.06452 Val Loss = 0.06802
2023-05-08 20:44:08.082416 Epoch 43  	Train Loss = 0.06453 Val Loss = 0.06800
2023-05-08 20:44:11.309072 Epoch 44  	Train Loss = 0.06464 Val Loss = 0.06797
2023-05-08 20:44:14.506970 Epoch 45  	Train Loss = 0.06456 Val Loss = 0.06802
2023-05-08 20:44:17.904262 Epoch 46  	Train Loss = 0.06445 Val Loss = 0.06804
2023-05-08 20:44:21.812808 Epoch 47  	Train Loss = 0.06444 Val Loss = 0.06793
2023-05-08 20:44:25.014199 Epoch 48  	Train Loss = 0.06444 Val Loss = 0.06802
2023-05-08 20:44:28.216834 Epoch 49  	Train Loss = 0.06450 Val Loss = 0.06798
2023-05-08 20:44:31.411638 Epoch 50  	Train Loss = 0.06450 Val Loss = 0.06793
2023-05-08 20:44:34.614127 Epoch 51  	Train Loss = 0.06450 Val Loss = 0.06797
2023-05-08 20:44:37.882778 Epoch 52  	Train Loss = 0.06446 Val Loss = 0.06797
2023-05-08 20:44:41.834705 Epoch 53  	Train Loss = 0.06447 Val Loss = 0.06789
2023-05-08 20:44:45.443443 Epoch 54  	Train Loss = 0.06446 Val Loss = 0.06796
2023-05-08 20:44:48.729307 Epoch 55  	Train Loss = 0.06443 Val Loss = 0.06803
2023-05-08 20:44:52.647612 Epoch 56  	Train Loss = 0.06442 Val Loss = 0.06793
2023-05-08 20:44:55.948456 Epoch 57  	Train Loss = 0.06427 Val Loss = 0.06802
2023-05-08 20:44:59.131616 Epoch 58  	Train Loss = 0.06434 Val Loss = 0.06795
2023-05-08 20:45:02.628012 Epoch 59  	Train Loss = 0.06438 Val Loss = 0.06798
2023-05-08 20:45:06.479506 Epoch 60  	Train Loss = 0.06448 Val Loss = 0.06793
2023-05-08 20:45:10.433395 Epoch 61  	Train Loss = 0.06438 Val Loss = 0.06788
2023-05-08 20:45:13.771369 Epoch 62  	Train Loss = 0.06441 Val Loss = 0.06798
2023-05-08 20:45:16.974560 Epoch 63  	Train Loss = 0.06436 Val Loss = 0.06788
2023-05-08 20:45:20.325961 Epoch 64  	Train Loss = 0.06441 Val Loss = 0.06790
2023-05-08 20:45:24.292423 Epoch 65  	Train Loss = 0.06436 Val Loss = 0.06789
2023-05-08 20:45:28.231219 Epoch 66  	Train Loss = 0.06432 Val Loss = 0.06787
2023-05-08 20:45:32.002674 Epoch 67  	Train Loss = 0.06435 Val Loss = 0.06793
2023-05-08 20:45:35.212456 Epoch 68  	Train Loss = 0.06442 Val Loss = 0.06788
2023-05-08 20:45:39.049191 Epoch 69  	Train Loss = 0.06433 Val Loss = 0.06787
2023-05-08 20:45:42.256284 Epoch 70  	Train Loss = 0.06430 Val Loss = 0.06788
2023-05-08 20:45:45.471774 Epoch 71  	Train Loss = 0.06434 Val Loss = 0.06789
2023-05-08 20:45:48.670077 Epoch 72  	Train Loss = 0.06431 Val Loss = 0.06782
2023-05-08 20:45:51.941812 Epoch 73  	Train Loss = 0.06440 Val Loss = 0.06791
2023-05-08 20:45:55.179401 Epoch 74  	Train Loss = 0.06431 Val Loss = 0.06786
2023-05-08 20:45:58.713048 Epoch 75  	Train Loss = 0.06412 Val Loss = 0.06793
2023-05-08 20:46:02.241058 Epoch 76  	Train Loss = 0.06443 Val Loss = 0.06785
2023-05-08 20:46:05.473886 Epoch 77  	Train Loss = 0.06436 Val Loss = 0.06783
2023-05-08 20:46:08.691678 Epoch 78  	Train Loss = 0.06418 Val Loss = 0.06782
2023-05-08 20:46:11.896806 Epoch 79  	Train Loss = 0.06428 Val Loss = 0.06787
2023-05-08 20:46:15.315091 Epoch 80  	Train Loss = 0.06437 Val Loss = 0.06796
2023-05-08 20:46:19.079174 Epoch 81  	Train Loss = 0.06440 Val Loss = 0.06783
2023-05-08 20:46:22.947465 Epoch 82  	Train Loss = 0.06421 Val Loss = 0.06790
Early stopping at epoch: 82
Best at epoch 72:
Train Loss = 0.06431
Train MAE = 0.06346, RMSE = 0.10053
Val Loss = 0.06782
Val MAE = 0.06582, RMSE = 0.10761
--------- Test ---------
Test MAE = 0.06372, RMSE = 0.09853
Inference time: 0.17 s
