n_500_p_20
Trainset:	x-(7000, 20, 20, 3)	y-(7000, 20, 20, 1)
Valset:  	x-(999, 20, 20, 3)  	y-(999, 20, 20, 1)
Testset:	x-(2001, 20, 20, 3)	y-(2001, 20, 20, 1)

--------- GridGAT ---------
{
    "num_grids_height": 20,
    "num_grids_width": 20,
    "train_size": 0.7,
    "val_size": 0.1,
    "lr": 0.001,
    "weight_decay": 0,
    "milestones": [
        10,
        30,
        50
    ],
    "clip_grad": 0,
    "batch_size": 32,
    "max_epochs": 200,
    "model_args": {
        "num_grids_height": 20,
        "num_grids_width": 20,
        "input_dim": 3,
        "output_dim": 1,
        "input_embedding_dim": 32,
        "grid_embedding_dim": 32,
        "feed_forward_dim": 128,
        "num_heads": 4,
        "num_layers": 3,
        "dropout": 0
    }
}
==========================================================================================
Layer (type:depth-idx)                   Output Shape              Param #
==========================================================================================
GridGAT                                  [32, 20, 20, 1]           12,800
├─Linear: 1-1                            [32, 400, 32]             128
├─ModuleList: 1-2                        --                        --
│    └─SelfAttentionLayer: 2-1           [32, 400, 64]             --
│    │    └─AttentionLayer: 3-1          [32, 400, 64]             16,640
│    │    └─Dropout: 3-2                 [32, 400, 64]             --
│    │    └─LayerNorm: 3-3               [32, 400, 64]             128
│    │    └─Sequential: 3-4              [32, 400, 64]             16,576
│    │    └─Dropout: 3-5                 [32, 400, 64]             --
│    │    └─LayerNorm: 3-6               [32, 400, 64]             128
│    └─SelfAttentionLayer: 2-2           [32, 400, 64]             --
│    │    └─AttentionLayer: 3-7          [32, 400, 64]             16,640
│    │    └─Dropout: 3-8                 [32, 400, 64]             --
│    │    └─LayerNorm: 3-9               [32, 400, 64]             128
│    │    └─Sequential: 3-10             [32, 400, 64]             16,576
│    │    └─Dropout: 3-11                [32, 400, 64]             --
│    │    └─LayerNorm: 3-12              [32, 400, 64]             128
│    └─SelfAttentionLayer: 2-3           [32, 400, 64]             --
│    │    └─AttentionLayer: 3-13         [32, 400, 64]             16,640
│    │    └─Dropout: 3-14                [32, 400, 64]             --
│    │    └─LayerNorm: 3-15              [32, 400, 64]             128
│    │    └─Sequential: 3-16             [32, 400, 64]             16,576
│    │    └─Dropout: 3-17                [32, 400, 64]             --
│    │    └─LayerNorm: 3-18              [32, 400, 64]             128
├─Sequential: 1-3                        [32, 400, 1]              --
│    └─Linear: 2-4                       [32, 400, 64]             4,160
│    └─ReLU: 2-5                         [32, 400, 64]             --
│    └─Linear: 2-6                       [32, 400, 1]              65
==========================================================================================
Total params: 117,569
Trainable params: 117,569
Non-trainable params: 0
Total mult-adds (M): 3.35
==========================================================================================
Input size (MB): 0.15
Forward/backward pass size (MB): 186.88
Params size (MB): 0.42
Estimated Total Size (MB): 187.45
==========================================================================================

Loss: MSELoss

2023-05-09 20:11:47.902015 Epoch 1  	Train Loss = 2.14156 Val Loss = 2.04938
2023-05-09 20:11:51.918815 Epoch 2  	Train Loss = 2.09648 Val Loss = 2.04528
2023-05-09 20:11:55.599524 Epoch 3  	Train Loss = 2.09735 Val Loss = 2.04596
2023-05-09 20:11:59.532480 Epoch 4  	Train Loss = 2.09626 Val Loss = 2.04610
2023-05-09 20:12:03.316443 Epoch 5  	Train Loss = 2.09542 Val Loss = 2.04535
2023-05-09 20:12:07.621453 Epoch 6  	Train Loss = 2.09516 Val Loss = 2.04605
2023-05-09 20:12:11.384258 Epoch 7  	Train Loss = 2.09130 Val Loss = 2.03939
2023-05-09 20:12:14.962105 Epoch 8  	Train Loss = 2.08994 Val Loss = 2.04081
2023-05-09 20:12:18.955193 Epoch 9  	Train Loss = 2.08755 Val Loss = 2.03659
2023-05-09 20:12:22.733431 Epoch 10  	Train Loss = 2.08501 Val Loss = 2.03471
2023-05-09 20:12:26.696469 Epoch 11  	Train Loss = 2.08084 Val Loss = 2.03291
2023-05-09 20:12:30.620540 Epoch 12  	Train Loss = 2.07833 Val Loss = 2.03172
2023-05-09 20:12:34.588771 Epoch 13  	Train Loss = 2.07781 Val Loss = 2.03313
2023-05-09 20:12:38.365502 Epoch 14  	Train Loss = 2.07748 Val Loss = 2.03060
2023-05-09 20:12:42.107924 Epoch 15  	Train Loss = 2.07646 Val Loss = 2.03169
2023-05-09 20:12:46.091545 Epoch 16  	Train Loss = 2.07656 Val Loss = 2.03096
2023-05-09 20:12:50.017215 Epoch 17  	Train Loss = 2.07511 Val Loss = 2.02900
2023-05-09 20:12:53.913004 Epoch 18  	Train Loss = 2.07370 Val Loss = 2.02824
2023-05-09 20:12:57.743217 Epoch 19  	Train Loss = 2.07330 Val Loss = 2.02699
2023-05-09 20:13:01.456305 Epoch 20  	Train Loss = 2.07181 Val Loss = 2.02580
2023-05-09 20:13:05.220942 Epoch 21  	Train Loss = 2.07019 Val Loss = 2.02485
2023-05-09 20:13:09.332708 Epoch 22  	Train Loss = 2.06815 Val Loss = 2.02350
2023-05-09 20:13:12.991121 Epoch 23  	Train Loss = 2.06597 Val Loss = 2.02143
2023-05-09 20:13:16.903022 Epoch 24  	Train Loss = 2.06186 Val Loss = 2.01815
2023-05-09 20:13:20.589686 Epoch 25  	Train Loss = 2.05819 Val Loss = 2.01121
2023-05-09 20:13:24.687569 Epoch 26  	Train Loss = 2.05498 Val Loss = 2.00886
2023-05-09 20:13:28.632487 Epoch 27  	Train Loss = 2.04886 Val Loss = 2.00295
2023-05-09 20:13:32.380028 Epoch 28  	Train Loss = 2.04431 Val Loss = 1.99647
2023-05-09 20:13:36.405194 Epoch 29  	Train Loss = 2.03764 Val Loss = 1.98978
2023-05-09 20:13:40.200770 Epoch 30  	Train Loss = 2.03180 Val Loss = 1.98683
2023-05-09 20:13:44.120256 Epoch 31  	Train Loss = 2.02070 Val Loss = 1.97936
2023-05-09 20:13:48.038159 Epoch 32  	Train Loss = 2.01802 Val Loss = 1.97512
2023-05-09 20:13:51.797050 Epoch 33  	Train Loss = 2.01359 Val Loss = 1.97278
2023-05-09 20:13:55.871767 Epoch 34  	Train Loss = 2.01162 Val Loss = 1.97160
2023-05-09 20:13:59.708771 Epoch 35  	Train Loss = 2.01039 Val Loss = 1.97053
2023-05-09 20:14:03.841233 Epoch 36  	Train Loss = 2.00952 Val Loss = 1.96876
2023-05-09 20:14:07.661051 Epoch 37  	Train Loss = 2.00861 Val Loss = 1.96812
2023-05-09 20:14:11.712245 Epoch 38  	Train Loss = 2.00734 Val Loss = 1.96784
2023-05-09 20:14:15.587212 Epoch 39  	Train Loss = 2.00620 Val Loss = 1.96713
2023-05-09 20:14:19.760624 Epoch 40  	Train Loss = 2.00571 Val Loss = 1.96648
2023-05-09 20:14:23.656095 Epoch 41  	Train Loss = 2.00449 Val Loss = 1.96457
2023-05-09 20:14:27.597780 Epoch 42  	Train Loss = 2.00411 Val Loss = 1.96421
2023-05-09 20:14:31.768729 Epoch 43  	Train Loss = 2.00339 Val Loss = 1.96339
2023-05-09 20:14:35.785454 Epoch 44  	Train Loss = 2.00216 Val Loss = 1.96417
2023-05-09 20:14:39.790507 Epoch 45  	Train Loss = 2.00148 Val Loss = 1.96316
2023-05-09 20:14:43.679598 Epoch 46  	Train Loss = 2.00122 Val Loss = 1.96295
2023-05-09 20:14:47.576447 Epoch 47  	Train Loss = 2.00016 Val Loss = 1.96146
2023-05-09 20:14:51.660279 Epoch 48  	Train Loss = 1.99980 Val Loss = 1.96082
2023-05-09 20:14:55.461795 Epoch 49  	Train Loss = 1.99899 Val Loss = 1.96059
2023-05-09 20:14:59.556710 Epoch 50  	Train Loss = 1.99829 Val Loss = 1.95978
2023-05-09 20:15:03.523343 Epoch 51  	Train Loss = 1.99764 Val Loss = 1.95972
2023-05-09 20:15:07.396636 Epoch 52  	Train Loss = 1.99697 Val Loss = 1.95935
2023-05-09 20:15:11.373027 Epoch 53  	Train Loss = 1.99687 Val Loss = 1.95947
2023-05-09 20:15:15.378239 Epoch 54  	Train Loss = 1.99664 Val Loss = 1.95922
2023-05-09 20:15:19.014602 Epoch 55  	Train Loss = 1.99670 Val Loss = 1.95913
2023-05-09 20:15:22.648996 Epoch 56  	Train Loss = 1.99645 Val Loss = 1.95916
2023-05-09 20:15:26.561321 Epoch 57  	Train Loss = 1.99642 Val Loss = 1.95905
2023-05-09 20:15:30.331413 Epoch 58  	Train Loss = 1.99687 Val Loss = 1.95904
2023-05-09 20:15:33.974143 Epoch 59  	Train Loss = 1.99658 Val Loss = 1.95895
2023-05-09 20:15:37.793902 Epoch 60  	Train Loss = 1.99591 Val Loss = 1.95889
2023-05-09 20:15:41.576593 Epoch 61  	Train Loss = 1.99605 Val Loss = 1.95908
2023-05-09 20:15:45.524918 Epoch 62  	Train Loss = 1.99624 Val Loss = 1.95877
2023-05-09 20:15:49.350227 Epoch 63  	Train Loss = 1.99627 Val Loss = 1.95878
2023-05-09 20:15:53.155529 Epoch 64  	Train Loss = 1.99585 Val Loss = 1.95896
2023-05-09 20:15:56.852335 Epoch 65  	Train Loss = 1.99563 Val Loss = 1.95871
2023-05-09 20:16:00.656008 Epoch 66  	Train Loss = 1.99649 Val Loss = 1.95860
2023-05-09 20:16:04.374523 Epoch 67  	Train Loss = 1.99562 Val Loss = 1.95859
2023-05-09 20:16:07.991979 Epoch 68  	Train Loss = 1.99597 Val Loss = 1.95856
2023-05-09 20:16:11.801226 Epoch 69  	Train Loss = 1.99601 Val Loss = 1.95834
2023-05-09 20:16:15.707931 Epoch 70  	Train Loss = 1.99555 Val Loss = 1.95843
2023-05-09 20:16:19.372814 Epoch 71  	Train Loss = 1.99549 Val Loss = 1.95842
2023-05-09 20:16:23.183382 Epoch 72  	Train Loss = 1.99574 Val Loss = 1.95824
2023-05-09 20:16:26.966721 Epoch 73  	Train Loss = 1.99541 Val Loss = 1.95819
2023-05-09 20:16:30.700595 Epoch 74  	Train Loss = 1.99505 Val Loss = 1.95828
2023-05-09 20:16:34.603180 Epoch 75  	Train Loss = 1.99537 Val Loss = 1.95821
2023-05-09 20:16:38.356999 Epoch 76  	Train Loss = 1.99536 Val Loss = 1.95810
2023-05-09 20:16:42.257643 Epoch 77  	Train Loss = 1.99488 Val Loss = 1.95800
2023-05-09 20:16:46.073270 Epoch 78  	Train Loss = 1.99529 Val Loss = 1.95777
2023-05-09 20:16:49.988492 Epoch 79  	Train Loss = 1.99491 Val Loss = 1.95785
2023-05-09 20:16:53.992040 Epoch 80  	Train Loss = 1.99451 Val Loss = 1.95776
2023-05-09 20:16:57.926419 Epoch 81  	Train Loss = 1.99454 Val Loss = 1.95779
2023-05-09 20:17:01.765935 Epoch 82  	Train Loss = 1.99525 Val Loss = 1.95786
2023-05-09 20:17:05.591818 Epoch 83  	Train Loss = 1.99483 Val Loss = 1.95776
2023-05-09 20:17:09.291624 Epoch 84  	Train Loss = 1.99476 Val Loss = 1.95767
2023-05-09 20:17:13.061580 Epoch 85  	Train Loss = 1.99510 Val Loss = 1.95761
2023-05-09 20:17:16.803079 Epoch 86  	Train Loss = 1.99442 Val Loss = 1.95760
2023-05-09 20:17:20.622654 Epoch 87  	Train Loss = 1.99492 Val Loss = 1.95757
2023-05-09 20:17:24.306981 Epoch 88  	Train Loss = 1.99475 Val Loss = 1.95725
2023-05-09 20:17:28.076960 Epoch 89  	Train Loss = 1.99463 Val Loss = 1.95741
2023-05-09 20:17:31.786596 Epoch 90  	Train Loss = 1.99500 Val Loss = 1.95727
2023-05-09 20:17:35.627855 Epoch 91  	Train Loss = 1.99453 Val Loss = 1.95727
2023-05-09 20:17:39.385350 Epoch 92  	Train Loss = 1.99465 Val Loss = 1.95718
2023-05-09 20:17:43.145063 Epoch 93  	Train Loss = 1.99434 Val Loss = 1.95700
2023-05-09 20:17:46.876486 Epoch 94  	Train Loss = 1.99347 Val Loss = 1.95702
2023-05-09 20:17:50.780038 Epoch 95  	Train Loss = 1.99429 Val Loss = 1.95713
2023-05-09 20:17:54.488600 Epoch 96  	Train Loss = 1.99411 Val Loss = 1.95702
2023-05-09 20:17:58.299302 Epoch 97  	Train Loss = 1.99392 Val Loss = 1.95726
2023-05-09 20:18:01.966735 Epoch 98  	Train Loss = 1.99342 Val Loss = 1.95691
2023-05-09 20:18:05.861568 Epoch 99  	Train Loss = 1.99413 Val Loss = 1.95690
2023-05-09 20:18:09.749895 Epoch 100  	Train Loss = 1.99304 Val Loss = 1.95690
2023-05-09 20:18:13.376731 Epoch 101  	Train Loss = 1.99400 Val Loss = 1.95675
2023-05-09 20:18:16.992521 Epoch 102  	Train Loss = 1.99376 Val Loss = 1.95651
2023-05-09 20:18:20.976849 Epoch 103  	Train Loss = 1.99322 Val Loss = 1.95669
2023-05-09 20:18:24.554740 Epoch 104  	Train Loss = 1.99345 Val Loss = 1.95644
2023-05-09 20:18:28.307679 Epoch 105  	Train Loss = 1.99334 Val Loss = 1.95639
2023-05-09 20:18:32.080989 Epoch 106  	Train Loss = 1.99345 Val Loss = 1.95648
2023-05-09 20:18:35.845667 Epoch 107  	Train Loss = 1.99360 Val Loss = 1.95644
2023-05-09 20:18:39.756994 Epoch 108  	Train Loss = 1.99293 Val Loss = 1.95634
2023-05-09 20:18:43.704930 Epoch 109  	Train Loss = 1.99294 Val Loss = 1.95651
2023-05-09 20:18:47.463770 Epoch 110  	Train Loss = 1.99310 Val Loss = 1.95646
2023-05-09 20:18:51.413733 Epoch 111  	Train Loss = 1.99310 Val Loss = 1.95618
2023-05-09 20:18:55.295126 Epoch 112  	Train Loss = 1.99326 Val Loss = 1.95608
2023-05-09 20:18:59.152174 Epoch 113  	Train Loss = 1.99301 Val Loss = 1.95622
2023-05-09 20:19:02.961733 Epoch 114  	Train Loss = 1.99285 Val Loss = 1.95611
2023-05-09 20:19:06.709327 Epoch 115  	Train Loss = 1.99219 Val Loss = 1.95597
2023-05-09 20:19:10.551390 Epoch 116  	Train Loss = 1.99278 Val Loss = 1.95583
2023-05-09 20:19:14.389985 Epoch 117  	Train Loss = 1.99261 Val Loss = 1.95597
2023-05-09 20:19:18.157207 Epoch 118  	Train Loss = 1.99305 Val Loss = 1.95597
2023-05-09 20:19:21.916050 Epoch 119  	Train Loss = 1.99242 Val Loss = 1.95588
2023-05-09 20:19:25.642659 Epoch 120  	Train Loss = 1.99252 Val Loss = 1.95573
2023-05-09 20:19:29.451323 Epoch 121  	Train Loss = 1.99204 Val Loss = 1.95598
2023-05-09 20:19:33.292812 Epoch 122  	Train Loss = 1.99267 Val Loss = 1.95596
2023-05-09 20:19:37.042584 Epoch 123  	Train Loss = 1.99200 Val Loss = 1.95588
2023-05-09 20:19:40.704417 Epoch 124  	Train Loss = 1.99218 Val Loss = 1.95569
2023-05-09 20:19:44.506547 Epoch 125  	Train Loss = 1.99237 Val Loss = 1.95572
2023-05-09 20:19:48.309288 Epoch 126  	Train Loss = 1.99186 Val Loss = 1.95534
2023-05-09 20:19:51.991840 Epoch 127  	Train Loss = 1.99216 Val Loss = 1.95554
2023-05-09 20:19:55.810329 Epoch 128  	Train Loss = 1.99231 Val Loss = 1.95533
2023-05-09 20:19:59.780631 Epoch 129  	Train Loss = 1.99237 Val Loss = 1.95541
2023-05-09 20:20:03.767935 Epoch 130  	Train Loss = 1.99183 Val Loss = 1.95562
2023-05-09 20:20:07.781047 Epoch 131  	Train Loss = 1.99186 Val Loss = 1.95508
2023-05-09 20:20:11.725809 Epoch 132  	Train Loss = 1.99190 Val Loss = 1.95517
2023-05-09 20:20:15.527080 Epoch 133  	Train Loss = 1.99130 Val Loss = 1.95536
2023-05-09 20:20:19.411262 Epoch 134  	Train Loss = 1.99158 Val Loss = 1.95512
2023-05-09 20:20:23.472464 Epoch 135  	Train Loss = 1.99208 Val Loss = 1.95492
2023-05-09 20:20:27.232347 Epoch 136  	Train Loss = 1.99146 Val Loss = 1.95492
2023-05-09 20:20:31.097953 Epoch 137  	Train Loss = 1.99121 Val Loss = 1.95510
2023-05-09 20:20:35.082052 Epoch 138  	Train Loss = 1.99129 Val Loss = 1.95496
2023-05-09 20:20:38.925748 Epoch 139  	Train Loss = 1.99124 Val Loss = 1.95478
2023-05-09 20:20:42.786953 Epoch 140  	Train Loss = 1.99159 Val Loss = 1.95483
2023-05-09 20:20:46.508205 Epoch 141  	Train Loss = 1.99066 Val Loss = 1.95463
2023-05-09 20:20:50.311538 Epoch 142  	Train Loss = 1.99150 Val Loss = 1.95473
2023-05-09 20:20:54.192231 Epoch 143  	Train Loss = 1.99070 Val Loss = 1.95481
2023-05-09 20:20:57.834977 Epoch 144  	Train Loss = 1.99137 Val Loss = 1.95462
2023-05-09 20:21:01.475523 Epoch 145  	Train Loss = 1.99068 Val Loss = 1.95443
2023-05-09 20:21:05.256846 Epoch 146  	Train Loss = 1.99109 Val Loss = 1.95458
2023-05-09 20:21:09.103802 Epoch 147  	Train Loss = 1.99086 Val Loss = 1.95463
2023-05-09 20:21:13.120562 Epoch 148  	Train Loss = 1.99060 Val Loss = 1.95449
2023-05-09 20:21:16.876754 Epoch 149  	Train Loss = 1.99097 Val Loss = 1.95434
2023-05-09 20:21:20.635883 Epoch 150  	Train Loss = 1.99049 Val Loss = 1.95436
2023-05-09 20:21:24.552176 Epoch 151  	Train Loss = 1.99049 Val Loss = 1.95436
2023-05-09 20:21:28.417013 Epoch 152  	Train Loss = 1.99112 Val Loss = 1.95414
2023-05-09 20:21:32.090958 Epoch 153  	Train Loss = 1.99040 Val Loss = 1.95419
2023-05-09 20:21:35.842003 Epoch 154  	Train Loss = 1.99020 Val Loss = 1.95397
2023-05-09 20:21:39.547133 Epoch 155  	Train Loss = 1.99074 Val Loss = 1.95406
2023-05-09 20:21:43.376910 Epoch 156  	Train Loss = 1.99082 Val Loss = 1.95404
2023-05-09 20:21:47.139723 Epoch 157  	Train Loss = 1.99041 Val Loss = 1.95395
2023-05-09 20:21:50.956958 Epoch 158  	Train Loss = 1.99040 Val Loss = 1.95384
2023-05-09 20:21:54.840588 Epoch 159  	Train Loss = 1.99034 Val Loss = 1.95409
2023-05-09 20:21:58.775917 Epoch 160  	Train Loss = 1.99001 Val Loss = 1.95372
2023-05-09 20:22:02.473274 Epoch 161  	Train Loss = 1.98990 Val Loss = 1.95355
2023-05-09 20:22:06.123562 Epoch 162  	Train Loss = 1.98984 Val Loss = 1.95363
2023-05-09 20:22:09.736900 Epoch 163  	Train Loss = 1.99005 Val Loss = 1.95369
2023-05-09 20:22:13.643571 Epoch 164  	Train Loss = 1.99002 Val Loss = 1.95364
2023-05-09 20:22:17.425769 Epoch 165  	Train Loss = 1.99005 Val Loss = 1.95366
2023-05-09 20:22:21.194234 Epoch 166  	Train Loss = 1.98971 Val Loss = 1.95367
2023-05-09 20:22:24.964347 Epoch 167  	Train Loss = 1.98963 Val Loss = 1.95359
2023-05-09 20:22:28.655184 Epoch 168  	Train Loss = 1.98962 Val Loss = 1.95365
2023-05-09 20:22:32.586415 Epoch 169  	Train Loss = 1.98945 Val Loss = 1.95340
2023-05-09 20:22:36.624780 Epoch 170  	Train Loss = 1.98933 Val Loss = 1.95329
2023-05-09 20:22:40.477674 Epoch 171  	Train Loss = 1.98980 Val Loss = 1.95334
2023-05-09 20:22:44.292201 Epoch 172  	Train Loss = 1.98950 Val Loss = 1.95319
2023-05-09 20:22:48.192519 Epoch 173  	Train Loss = 1.98921 Val Loss = 1.95318
2023-05-09 20:22:52.039330 Epoch 174  	Train Loss = 1.98937 Val Loss = 1.95299
2023-05-09 20:22:55.784253 Epoch 175  	Train Loss = 1.98859 Val Loss = 1.95297
2023-05-09 20:22:59.792191 Epoch 176  	Train Loss = 1.98895 Val Loss = 1.95287
2023-05-09 20:23:03.503795 Epoch 177  	Train Loss = 1.98924 Val Loss = 1.95308
2023-05-09 20:23:07.215169 Epoch 178  	Train Loss = 1.98888 Val Loss = 1.95310
2023-05-09 20:23:11.017296 Epoch 179  	Train Loss = 1.98839 Val Loss = 1.95321
2023-05-09 20:23:14.733757 Epoch 180  	Train Loss = 1.98860 Val Loss = 1.95276
2023-05-09 20:23:18.652311 Epoch 181  	Train Loss = 1.98849 Val Loss = 1.95286
2023-05-09 20:23:22.425862 Epoch 182  	Train Loss = 1.98833 Val Loss = 1.95277
2023-05-09 20:23:26.271743 Epoch 183  	Train Loss = 1.98849 Val Loss = 1.95301
2023-05-09 20:23:30.232600 Epoch 184  	Train Loss = 1.98838 Val Loss = 1.95268
2023-05-09 20:23:34.116503 Epoch 185  	Train Loss = 1.98898 Val Loss = 1.95281
2023-05-09 20:23:37.797068 Epoch 186  	Train Loss = 1.98815 Val Loss = 1.95248
2023-05-09 20:23:41.579675 Epoch 187  	Train Loss = 1.98834 Val Loss = 1.95242
2023-05-09 20:23:45.291887 Epoch 188  	Train Loss = 1.98800 Val Loss = 1.95248
2023-05-09 20:23:48.952642 Epoch 189  	Train Loss = 1.98858 Val Loss = 1.95248
2023-05-09 20:23:52.478557 Epoch 190  	Train Loss = 1.98793 Val Loss = 1.95220
2023-05-09 20:23:56.180177 Epoch 191  	Train Loss = 1.98816 Val Loss = 1.95211
2023-05-09 20:24:00.060210 Epoch 192  	Train Loss = 1.98840 Val Loss = 1.95229
2023-05-09 20:24:03.784602 Epoch 193  	Train Loss = 1.98821 Val Loss = 1.95212
2023-05-09 20:24:07.613133 Epoch 194  	Train Loss = 1.98813 Val Loss = 1.95194
2023-05-09 20:24:11.424386 Epoch 195  	Train Loss = 1.98815 Val Loss = 1.95210
2023-05-09 20:24:15.123698 Epoch 196  	Train Loss = 1.98771 Val Loss = 1.95197
2023-05-09 20:24:18.777710 Epoch 197  	Train Loss = 1.98776 Val Loss = 1.95189
2023-05-09 20:24:22.699988 Epoch 198  	Train Loss = 1.98772 Val Loss = 1.95191
2023-05-09 20:24:26.509158 Epoch 199  	Train Loss = 1.98776 Val Loss = 1.95186
2023-05-09 20:24:30.455710 Epoch 200  	Train Loss = 1.98736 Val Loss = 1.95186
Early stopping at epoch: 200
Best at epoch 199:
Train Loss = 1.98776
Train MAE = 6.35396, RMSE = 7.22511
Val Loss = 1.95186
Val MAE = 6.35550, RMSE = 7.23121
--------- Test ---------
Test MAE = 6.42113, RMSE = 7.27995
Inference time: 0.26 s
